<testsuites id="" name="" tests="636" failures="150" skipped="1" errors="0" time="981.049962">
<testsuite name="accessibility\accessibility.spec.ts" timestamp="2026-01-09T18:05:05.506Z" hostname="chromium" tests="19" failures="8" skipped="0" time="275.322" errors="0">
<testcase name="Accessibility - Homepage › should not have any critical or serious accessibility issues" classname="accessibility\accessibility.spec.ts" time="24.539">
<failure message="accessibility.spec.ts:19:7 should not have any critical or serious accessibility issues" type="FAILURE">
<![CDATA[  [chromium] › accessibility\accessibility.spec.ts:19:7 › Accessibility - Homepage › should not have any critical or serious accessibility issues 

    Error: expect(received).toEqual(expected) // deep equality

    - Expected  -   1
    + Received  + 140

    - Array []
    + Array [
    +   Object {
    +     "description": "Ensure the contrast between foreground and background colors meets WCAG 2 AA minimum contrast ratio thresholds",
    +     "help": "Elements must meet minimum color contrast ratio thresholds",
    +     "helpUrl": "https://dequeuniversity.com/rules/axe/4.11/color-contrast?application=playwright",
    +     "id": "color-contrast",
    +     "impact": "serious",
    +     "nodes": Array [
    +       Object {
    +         "all": Array [],
    +         "any": Array [
    +           Object {
    +             "data": Object {
    +               "bgColor": "#ffb300",
    +               "contrastRatio": 1.79,
    +               "expectedContrastRatio": "4.5:1",
    +               "fgColor": "#ffffff",
    +               "fontSize": "12.0pt (16px)",
    +               "fontWeight": "normal",
    +               "messageKey": null,
    +             },
    +             "id": "color-contrast",
    +             "impact": "serious",
    +             "message": "Element has insufficient color contrast of 1.79 (foreground color: #ffffff, background color: #ffb300, font size: 12.0pt (16px), font weight: normal). Expected contrast ratio of 4.5:1",
    +             "relatedNodes": Array [
    +               Object {
    +                 "html": "<button aria-label=\"Scroll to services section to learn more about our services\" class=\"group relative px-8 py-4 bg-bee-amber hover:bg-honey-600 text-white font-semibold rounded-full shadow-lg hover:shadow-xl transition-all duration-300 overflow-hidden\">",
    +                 "target": Array [
    +                   ".hover\\:bg-honey-600",
    +                 ],
    +               },
    +             ],
    +           },
    +         ],
    +         "failureSummary": "Fix any of the following:
    +   Element has insufficient color contrast of 1.79 (foreground color: #ffffff, background color: #ffb300, font size: 12.0pt (16px), font weight: normal). Expected contrast ratio of 4.5:1",
    +         "html": "<span class=\"relative z-10 flex items-center justify-center gap-2\">",
    +         "impact": "serious",
    +         "none": Array [],
    +         "target": Array [
    +           ".justify-center.z-10.gap-2",
    +         ],
    +       },
    +     ],
    +     "tags": Array [
    +       "cat.color",
    +       "wcag2aa",
    +       "wcag143",
    +       "TTv5",
    +       "TT13.c",
    +       "EN-301-549",
    +       "EN-9.1.4.3",
    +       "ACT",
    +       "RGAAv4",
    +       "RGAA-3.2.1",
    +     ],
    +   },
    +   Object {
    +     "description": "Ensure links have discernible text",
    +     "help": "Links must have discernible text",
    +     "helpUrl": "https://dequeuniversity.com/rules/axe/4.11/link-name?application=playwright",
    +     "id": "link-name",
    +     "impact": "serious",
    +     "nodes": Array [
    +       Object {
    +         "all": Array [],
    +         "any": Array [
    +           Object {
    +             "data": null,
    +             "id": "has-visible-text",
    +             "impact": "serious",
    +             "message": "Element does not have text that is visible to screen readers",
    +             "relatedNodes": Array [],
    +           },
    +           Object {
    +             "data": null,
    +             "id": "aria-label",
    +             "impact": "serious",
    +             "message": "aria-label attribute does not exist or is empty",
    +             "relatedNodes": Array [],
    +           },
    +           Object {
    +             "data": null,
    +             "id": "aria-labelledby",
    +             "impact": "serious",
    +             "message": "aria-labelledby attribute does not exist, references elements that do not exist or references elements that are empty",
    +             "relatedNodes": Array [],
    +           },
    +           Object {
    +             "data": Object {
    +               "messageKey": "noAttr",
    +             },
    +             "id": "non-empty-title",
    +             "impact": "serious",
    +             "message": "Element has no title attribute",
    +             "relatedNodes": Array [],
    +           },
    +         ],
    +         "failureSummary": "Fix all of the following:
    +   Element is in tab order and does not have accessible text
    +
    + Fix any of the following:
    +   Element does not have text that is visible to screen readers
    +   aria-label attribute does not exist or is empty
    +   aria-labelledby attribute does not exist, references elements that do not exist or references elements that are empty
    +   Element has no title attribute",
    +         "html": "<a href=\"https://www.facebook.com/profile.php?id=61559277947065\" target=\"_blank\" rel=\"noopener noreferrer\" class=\"relative group\" tabindex=\"0\">",
    +         "impact": "serious",
    +         "none": Array [
    +           Object {
    +             "data": null,
    +             "id": "focusable-no-name",
    +             "impact": "serious",
    +             "message": "Element is in tab order and does not have accessible text",
    +             "relatedNodes": Array [],
    +           },
    +         ],
    +         "target": Array [
    +           "a[target=\"_blank\"]",
    +         ],
    +       },
    +     ],
    +     "tags": Array [
    +       "cat.name-role-value",
    +       "wcag2a",
    +       "wcag244",
    +       "wcag412",
    +       "section508",
    +       "section508.22.a",
    +       "TTv5",
    +       "TT6.a",
    +       "EN-301-549",
    +       "EN-9.2.4.4",
    +       "EN-9.4.1.2",
    +       "ACT",
    +       "RGAAv4",
    +       "RGAA-6.2.1",
    +     ],
    +   },
    + ]

      25 |
      26 |     const criticalViolations = getCriticalViolations(accessibilityScanResults.violations);
    > 27 |     expect(criticalViolations).toEqual([]);
         |                                ^
      28 |   });
      29 |
      30 |   test('should have no critical or serious accessibility violations in critical areas', async ({ page }) => {
        at C:\honeybee\e2e\tests\accessibility\accessibility.spec.ts:27:32

    Error: apiRequestContext._wrapApiCall: ENOENT: no such file or directory, open 'C:\honeybee\test-results\.playwright-artifacts-0\traces\resources\page@493f3b4f02fb368b1a5340d77b72fa0b-1767981917518.jpeg'

    Error: ENOENT: no such file or directory, open 'C:\honeybee\test-results\.playwright-artifacts-0\8f259dc2a362c93e48cbb8b45e823f52.zip'

    Test timeout of 30000ms exceeded.

    attachment #1: screenshot (image/png) ──────────────────────────────────────────────────────────
    ..\..\test-results\accessibility-accessibilit-3b0ed-erious-accessibility-issues-chromium\test-failed-1.png
    ────────────────────────────────────────────────────────────────────────────────────────────────

    Error Context: ..\..\test-results\accessibility-accessibilit-3b0ed-erious-accessibility-issues-chromium\error-context.md
]]>
</failure>
<system-err>
<![CDATA[
Warning: attachment accessibility-accessibilit-3b0ed-erious-accessibility-issues-chromium\test-failed-1.png is missing
Warning: attachment accessibility-accessibilit-3b0ed-erious-accessibility-issues-chromium\error-context.md is missing]]>
</system-err>
</testcase>
<testcase name="Accessibility - Homepage › should have no critical or serious accessibility violations in critical areas" classname="accessibility\accessibility.spec.ts" time="25.023">
<failure message="accessibility.spec.ts:30:7 should have no critical or serious accessibility violations in critical areas" type="FAILURE">
<![CDATA[  [chromium] › accessibility\accessibility.spec.ts:30:7 › Accessibility - Homepage › should have no critical or serious accessibility violations in critical areas 

    Error: expect(received).toEqual(expected) // deep equality

    - Expected  -  1
    + Received  + 58

    - Array []
    + Array [
    +   Object {
    +     "description": "Ensure the contrast between foreground and background colors meets WCAG 2 AA minimum contrast ratio thresholds",
    +     "help": "Elements must meet minimum color contrast ratio thresholds",
    +     "helpUrl": "https://dequeuniversity.com/rules/axe/4.11/color-contrast?application=playwright",
    +     "id": "color-contrast",
    +     "impact": "serious",
    +     "nodes": Array [
    +       Object {
    +         "all": Array [],
    +         "any": Array [
    +           Object {
    +             "data": Object {
    +               "bgColor": "#ffb300",
    +               "contrastRatio": 1.79,
    +               "expectedContrastRatio": "4.5:1",
    +               "fgColor": "#ffffff",
    +               "fontSize": "12.0pt (16px)",
    +               "fontWeight": "normal",
    +               "messageKey": null,
    +             },
    +             "id": "color-contrast",
    +             "impact": "serious",
    +             "message": "Element has insufficient color contrast of 1.79 (foreground color: #ffffff, background color: #ffb300, font size: 12.0pt (16px), font weight: normal). Expected contrast ratio of 4.5:1",
    +             "relatedNodes": Array [
    +               Object {
    +                 "html": "<button aria-label=\"Scroll to services section to learn more about our services\" class=\"group relative px-8 py-4 bg-bee-amber hover:bg-honey-600 text-white font-semibold rounded-full shadow-lg hover:shadow-xl transition-all duration-300 overflow-hidden\">",
    +                 "target": Array [
    +                   ".hover\\:bg-honey-600",
    +                 ],
    +               },
    +             ],
    +           },
    +         ],
    +         "failureSummary": "Fix any of the following:
    +   Element has insufficient color contrast of 1.79 (foreground color: #ffffff, background color: #ffb300, font size: 12.0pt (16px), font weight: normal). Expected contrast ratio of 4.5:1",
    +         "html": "<span class=\"relative z-10 flex items-center justify-center gap-2\">",
    +         "impact": "serious",
    +         "none": Array [],
    +         "target": Array [
    +           ".justify-center.z-10.gap-2",
    +         ],
    +       },
    +     ],
    +     "tags": Array [
    +       "cat.color",
    +       "wcag2aa",
    +       "wcag143",
    +       "TTv5",
    +       "TT13.c",
    +       "EN-301-549",
    +       "EN-9.1.4.3",
    +       "ACT",
    +       "RGAAv4",
    +       "RGAA-3.2.1",
    +     ],
    +   },
    + ]

      37 |
      38 |     const criticalViolations = getCriticalViolations(accessibilityScanResults.violations);
    > 39 |     expect(criticalViolations).toEqual([]);
         |                                ^
      40 |   });
      41 |
      42 |   test('should have alt text on all images', async ({ page }) => {
        at C:\honeybee\e2e\tests\accessibility\accessibility.spec.ts:39:32

    Error: apiRequestContext._wrapApiCall: ENOENT: no such file or directory, open 'C:\honeybee\test-results\.playwright-artifacts-1\traces\resources\1f402a34a4f861c6cf058f22f5c4a3a53ddfa884.webp'

    Error: ENOENT: no such file or directory, open 'C:\honeybee\test-results\.playwright-artifacts-1\57ab576254679f889cfcdc12304e4a90.zip'

    Test timeout of 30000ms exceeded.

    attachment #1: screenshot (image/png) ──────────────────────────────────────────────────────────
    ..\..\test-results\accessibility-accessibilit-d3b76-iolations-in-critical-areas-chromium\test-failed-1.png
    ────────────────────────────────────────────────────────────────────────────────────────────────

    Error Context: ..\..\test-results\accessibility-accessibilit-d3b76-iolations-in-critical-areas-chromium\error-context.md
]]>
</failure>
<system-err>
<![CDATA[
Warning: attachment accessibility-accessibilit-d3b76-iolations-in-critical-areas-chromium\test-failed-1.png is missing
Warning: attachment accessibility-accessibilit-d3b76-iolations-in-critical-areas-chromium\error-context.md is missing]]>
</system-err>
</testcase>
<testcase name="Accessibility - Homepage › should have alt text on all images" classname="accessibility\accessibility.spec.ts" time="7.673">
</testcase>
<testcase name="Accessibility - Homepage › should have proper heading hierarchy" classname="accessibility\accessibility.spec.ts" time="28.357">
</testcase>
<testcase name="Accessibility - Homepage › should have focusable elements with visible focus styles" classname="accessibility\accessibility.spec.ts" time="30.278">
<failure message="accessibility.spec.ts:76:7 should have focusable elements with visible focus styles" type="FAILURE">
<![CDATA[  [chromium] › accessibility\accessibility.spec.ts:76:7 › Accessibility - Homepage › should have focusable elements with visible focus styles 

    Test timeout of 30000ms exceeded.

    Error: apiRequestContext._wrapApiCall: ENOENT: no such file or directory, open 'C:\honeybee\test-results\.playwright-artifacts-4\traces\4a7f7e6dc8f91dd24280-34a9b314ee8b1aaed127.trace'

    Error: locator.evaluate: Test ended.
    Call log:
      - waiting for locator('a[href], button:not([disabled]), input:not([disabled]), select:not([disabled]), textarea:not([disabled]), [tabindex]:not([tabindex="-1"])').nth(19)


      88 |       if (isVisible) {
      89 |         await element.focus();
    > 90 |         const isFocused = await element.evaluate((el) => document.activeElement === el);
         |                                         ^
      91 |         if (isFocused) {
      92 |           visibleElements.push(element);
      93 |         }
        at C:\honeybee\e2e\tests\accessibility\accessibility.spec.ts:90:41

    attachment #1: screenshot (image/png) ──────────────────────────────────────────────────────────
    ..\..\test-results\accessibility-accessibilit-b224a-s-with-visible-focus-styles-chromium\test-failed-1.png
    ────────────────────────────────────────────────────────────────────────────────────────────────

    Error Context: ..\..\test-results\accessibility-accessibilit-b224a-s-with-visible-focus-styles-chromium\error-context.md

    attachment #3: trace (application/zip) ─────────────────────────────────────────────────────────
    ..\..\test-results\accessibility-accessibilit-b224a-s-with-visible-focus-styles-chromium\trace.zip
    Usage:

        npx playwright show-trace ..\..\test-results\accessibility-accessibilit-b224a-s-with-visible-focus-styles-chromium\trace.zip

    ────────────────────────────────────────────────────────────────────────────────────────────────
]]>
</failure>
<system-err>
<![CDATA[
Warning: attachment accessibility-accessibilit-b224a-s-with-visible-focus-styles-chromium\test-failed-1.png is missing
Warning: attachment accessibility-accessibilit-b224a-s-with-visible-focus-styles-chromium\error-context.md is missing
Warning: attachment accessibility-accessibilit-b224a-s-with-visible-focus-styles-chromium\trace.zip is missing]]>
</system-err>
</testcase>
<testcase name="Accessibility - Services Page › should not have any critical or serious accessibility issues" classname="accessibility\accessibility.spec.ts" time="24.003">
<failure message="accessibility.spec.ts:103:7 should not have any critical or serious accessibility issues" type="FAILURE">
<![CDATA[  [chromium] › accessibility\accessibility.spec.ts:103:7 › Accessibility - Services Page › should not have any critical or serious accessibility issues 

    Error: expect(received).toEqual(expected) // deep equality

    - Expected  -  1
    + Received  + 84

    - Array []
    + Array [
    +   Object {
    +     "description": "Ensure links have discernible text",
    +     "help": "Links must have discernible text",
    +     "helpUrl": "https://dequeuniversity.com/rules/axe/4.11/link-name?application=playwright",
    +     "id": "link-name",
    +     "impact": "serious",
    +     "nodes": Array [
    +       Object {
    +         "all": Array [],
    +         "any": Array [
    +           Object {
    +             "data": null,
    +             "id": "has-visible-text",
    +             "impact": "serious",
    +             "message": "Element does not have text that is visible to screen readers",
    +             "relatedNodes": Array [],
    +           },
    +           Object {
    +             "data": null,
    +             "id": "aria-label",
    +             "impact": "serious",
    +             "message": "aria-label attribute does not exist or is empty",
    +             "relatedNodes": Array [],
    +           },
    +           Object {
    +             "data": null,
    +             "id": "aria-labelledby",
    +             "impact": "serious",
    +             "message": "aria-labelledby attribute does not exist, references elements that do not exist or references elements that are empty",
    +             "relatedNodes": Array [],
    +           },
    +           Object {
    +             "data": Object {
    +               "messageKey": "noAttr",
    +             },
    +             "id": "non-empty-title",
    +             "impact": "serious",
    +             "message": "Element has no title attribute",
    +             "relatedNodes": Array [],
    +           },
    +         ],
    +         "failureSummary": "Fix all of the following:
    +   Element is in tab order and does not have accessible text
    +
    + Fix any of the following:
    +   Element does not have text that is visible to screen readers
    +   aria-label attribute does not exist or is empty
    +   aria-labelledby attribute does not exist, references elements that do not exist or references elements that are empty
    +   Element has no title attribute",
    +         "html": "<a href=\"https://www.facebook.com/profile.php?id=61559277947065\" target=\"_blank\" rel=\"noopener noreferrer\" class=\"relative group\" tabindex=\"0\">",
    +         "impact": "serious",
    +         "none": Array [
    +           Object {
    +             "data": null,
    +             "id": "focusable-no-name",
    +             "impact": "serious",
    +             "message": "Element is in tab order and does not have accessible text",
    +             "relatedNodes": Array [],
    +           },
    +         ],
    +         "target": Array [
    +           "a[target=\"_blank\"]",
    +         ],
    +       },
    +     ],
    +     "tags": Array [
    +       "cat.name-role-value",
    +       "wcag2a",
    +       "wcag244",
    +       "wcag412",
    +       "section508",
    +       "section508.22.a",
    +       "TTv5",
    +       "TT6.a",
    +       "EN-301-549",
    +       "EN-9.2.4.4",
    +       "EN-9.4.1.2",
    +       "ACT",
    +       "RGAAv4",
    +       "RGAA-6.2.1",
    +     ],
    +   },
    + ]

      109 |
      110 |     const criticalViolations = getCriticalViolations(accessibilityScanResults.violations);
    > 111 |     expect(criticalViolations).toEqual([]);
          |                                ^
      112 |   });
      113 |
      114 |   test('should have alt text on all images', async ({ page }) => {
        at C:\honeybee\e2e\tests\accessibility\accessibility.spec.ts:111:32

    Error: apiRequestContext._wrapApiCall: ENOENT: no such file or directory, open 'C:\honeybee\test-results\.playwright-artifacts-5\traces\resources\page@8d173273ca043c63de9127dc24adc3d3-1767981915517.jpeg'

    Error: ENOENT: no such file or directory, open 'C:\honeybee\test-results\.playwright-artifacts-5\17d8843574e8e4ab1cbe2afce3fecd3c.zip'

    Test timeout of 30000ms exceeded.

    attachment #1: screenshot (image/png) ──────────────────────────────────────────────────────────
    ..\..\test-results\accessibility-accessibilit-1a0d9-erious-accessibility-issues-chromium\test-failed-1.png
    ────────────────────────────────────────────────────────────────────────────────────────────────

    Error Context: ..\..\test-results\accessibility-accessibilit-1a0d9-erious-accessibility-issues-chromium\error-context.md
]]>
</failure>
<system-err>
<![CDATA[
Warning: attachment accessibility-accessibilit-1a0d9-erious-accessibility-issues-chromium\test-failed-1.png is missing
Warning: attachment accessibility-accessibilit-1a0d9-erious-accessibility-issues-chromium\error-context.md is missing]]>
</system-err>
</testcase>
<testcase name="Accessibility - Services Page › should have alt text on all images" classname="accessibility\accessibility.spec.ts" time="10.391">
</testcase>
<testcase name="Accessibility - Services Page › should have descriptive link text" classname="accessibility\accessibility.spec.ts" time="30.115">
<failure message="accessibility.spec.ts:125:7 should have descriptive link text" type="FAILURE">
<![CDATA[  [chromium] › accessibility\accessibility.spec.ts:125:7 › Accessibility - Services Page › should have descriptive link text 

    Test timeout of 30000ms exceeded.

    Error: apiRequestContext._wrapApiCall: ENOENT: no such file or directory, copyfile 'C:\honeybee\test-results\.playwright-artifacts-7\traces\4a7f7e6dc8f91dd24280-6a0d737438e8af4049c2.network' -> 'C:\honeybee\test-results\.playwright-artifacts-7\traces\4a7f7e6dc8f91dd24280-6a0d737438e8af4049c2-pwnetcopy-1.network'

    Error: locator.textContent: Test ended.
    Call log:
      - waiting for locator('a[href]').nth(3)


      131 |     for (let i = 0; i < count; i++) {
      132 |       const link = links.nth(i);
    > 133 |       const text = await link.textContent();
          |                               ^
      134 |       const ariaLabel = await link.getAttribute('aria-label');
      135 |
      136 |       // Links should have either text or aria-label
        at C:\honeybee\e2e\tests\accessibility\accessibility.spec.ts:133:31

    attachment #1: screenshot (image/png) ──────────────────────────────────────────────────────────
    ..\..\test-results\accessibility-accessibilit-3e37a--have-descriptive-link-text-chromium\test-failed-1.png
    ────────────────────────────────────────────────────────────────────────────────────────────────

    Error Context: ..\..\test-results\accessibility-accessibilit-3e37a--have-descriptive-link-text-chromium\error-context.md

    attachment #3: trace (application/zip) ─────────────────────────────────────────────────────────
    ..\..\test-results\accessibility-accessibilit-3e37a--have-descriptive-link-text-chromium\trace.zip
    Usage:

        npx playwright show-trace ..\..\test-results\accessibility-accessibilit-3e37a--have-descriptive-link-text-chromium\trace.zip

    ────────────────────────────────────────────────────────────────────────────────────────────────
]]>
</failure>
<system-err>
<![CDATA[
Warning: attachment accessibility-accessibilit-3e37a--have-descriptive-link-text-chromium\test-failed-1.png is missing
Warning: attachment accessibility-accessibilit-3e37a--have-descriptive-link-text-chromium\error-context.md is missing
Warning: attachment accessibility-accessibilit-3e37a--have-descriptive-link-text-chromium\trace.zip is missing]]>
</system-err>
</testcase>
<testcase name="Accessibility - History Page › should not have any critical or serious accessibility issues" classname="accessibility\accessibility.spec.ts" time="18.179">
<failure message="accessibility.spec.ts:143:7 should not have any critical or serious accessibility issues" type="FAILURE">
<![CDATA[  [chromium] › accessibility\accessibility.spec.ts:143:7 › Accessibility - History Page › should not have any critical or serious accessibility issues 

    Error: expect(received).toEqual(expected) // deep equality

    - Expected  -  1
    + Received  + 84

    - Array []
    + Array [
    +   Object {
    +     "description": "Ensure links have discernible text",
    +     "help": "Links must have discernible text",
    +     "helpUrl": "https://dequeuniversity.com/rules/axe/4.11/link-name?application=playwright",
    +     "id": "link-name",
    +     "impact": "serious",
    +     "nodes": Array [
    +       Object {
    +         "all": Array [],
    +         "any": Array [
    +           Object {
    +             "data": null,
    +             "id": "has-visible-text",
    +             "impact": "serious",
    +             "message": "Element does not have text that is visible to screen readers",
    +             "relatedNodes": Array [],
    +           },
    +           Object {
    +             "data": null,
    +             "id": "aria-label",
    +             "impact": "serious",
    +             "message": "aria-label attribute does not exist or is empty",
    +             "relatedNodes": Array [],
    +           },
    +           Object {
    +             "data": null,
    +             "id": "aria-labelledby",
    +             "impact": "serious",
    +             "message": "aria-labelledby attribute does not exist, references elements that do not exist or references elements that are empty",
    +             "relatedNodes": Array [],
    +           },
    +           Object {
    +             "data": Object {
    +               "messageKey": "noAttr",
    +             },
    +             "id": "non-empty-title",
    +             "impact": "serious",
    +             "message": "Element has no title attribute",
    +             "relatedNodes": Array [],
    +           },
    +         ],
    +         "failureSummary": "Fix all of the following:
    +   Element is in tab order and does not have accessible text
    +
    + Fix any of the following:
    +   Element does not have text that is visible to screen readers
    +   aria-label attribute does not exist or is empty
    +   aria-labelledby attribute does not exist, references elements that do not exist or references elements that are empty
    +   Element has no title attribute",
    +         "html": "<a href=\"https://www.facebook.com/profile.php?id=61559277947065\" target=\"_blank\" rel=\"noopener noreferrer\" class=\"relative group\" tabindex=\"0\">",
    +         "impact": "serious",
    +         "none": Array [
    +           Object {
    +             "data": null,
    +             "id": "focusable-no-name",
    +             "impact": "serious",
    +             "message": "Element is in tab order and does not have accessible text",
    +             "relatedNodes": Array [],
    +           },
    +         ],
    +         "target": Array [
    +           "a[target=\"_blank\"]",
    +         ],
    +       },
    +     ],
    +     "tags": Array [
    +       "cat.name-role-value",
    +       "wcag2a",
    +       "wcag244",
    +       "wcag412",
    +       "section508",
    +       "section508.22.a",
    +       "TTv5",
    +       "TT6.a",
    +       "EN-301-549",
    +       "EN-9.2.4.4",
    +       "EN-9.4.1.2",
    +       "ACT",
    +       "RGAAv4",
    +       "RGAA-6.2.1",
    +     ],
    +   },
    + ]

      149 |
      150 |     const criticalViolations = getCriticalViolations(accessibilityScanResults.violations);
    > 151 |     expect(criticalViolations).toEqual([]);
          |                                ^
      152 |   });
      153 |
      154 |   test('should have alt text on all images', async ({ page }) => {
        at C:\honeybee\e2e\tests\accessibility\accessibility.spec.ts:151:32

    Error: apiRequestContext._wrapApiCall: ENOENT: no such file or directory, open 'C:\honeybee\test-results\.playwright-artifacts-2\traces\4a7f7e6dc8f91dd24280-a8b5add303d6a6eea5d7-recording1.trace'

    attachment #1: screenshot (image/png) ──────────────────────────────────────────────────────────
    ..\..\test-results\accessibility-accessibilit-dd026-erious-accessibility-issues-chromium\test-failed-1.png
    ────────────────────────────────────────────────────────────────────────────────────────────────

    Error Context: ..\..\test-results\accessibility-accessibilit-dd026-erious-accessibility-issues-chromium\error-context.md

    attachment #3: trace (application/zip) ─────────────────────────────────────────────────────────
    ..\..\test-results\accessibility-accessibilit-dd026-erious-accessibility-issues-chromium\trace.zip
    Usage:

        npx playwright show-trace ..\..\test-results\accessibility-accessibilit-dd026-erious-accessibility-issues-chromium\trace.zip

    ────────────────────────────────────────────────────────────────────────────────────────────────
]]>
</failure>
<system-err>
<![CDATA[
Warning: attachment accessibility-accessibilit-dd026-erious-accessibility-issues-chromium\test-failed-1.png is missing
Warning: attachment accessibility-accessibilit-dd026-erious-accessibility-issues-chromium\error-context.md is missing
Warning: attachment accessibility-accessibilit-dd026-erious-accessibility-issues-chromium\trace.zip is missing]]>
</system-err>
</testcase>
<testcase name="Accessibility - History Page › should have alt text on all images" classname="accessibility\accessibility.spec.ts" time="16.448">
</testcase>
<testcase name="Accessibility - History Page › should have proper landmarks" classname="accessibility\accessibility.spec.ts" time="1.956">
<failure message="accessibility.spec.ts:165:7 should have proper landmarks" type="FAILURE">
<![CDATA[  [chromium] › accessibility\accessibility.spec.ts:165:7 › Accessibility - History Page › should have proper landmarks 

    Error: expect(locator).toBeVisible() failed

    Locator: locator('main').locator('h1').or(locator('main').locator('h2').first())
    Expected: visible
    Error: strict mode violation: locator('main').locator('h1').or(locator('main').locator('h2').first()) resolved to 2 elements:
        1) <h1 data-testid="history-heading" class="text-5xl md:text-6xl font-bold text-gray-900 dark:text-white mb-2">Our History</h1> aka getByTestId('history-heading')
        2) <h2 data-testid="founder-heading" class="text-4xl md:text-5xl font-bold text-gray-900 dark:text-white mb-6">Our Founder</h2> aka getByTestId('founder-heading')

    Call log:
      - Expect "toBeVisible" with timeout 5000ms
      - waiting for locator('main').locator('h1').or(locator('main').locator('h2').first())


      176 |     // Check for heading in main
      177 |     const mainHeading = main.locator('h1').or(main.locator('h2').first());
    > 178 |     await expect(mainHeading).toBeVisible();
          |                               ^
      179 |   });
      180 | });
      181 |
        at C:\honeybee\e2e\tests\accessibility\accessibility.spec.ts:178:31

    attachment #1: screenshot (image/png) ──────────────────────────────────────────────────────────
    ..\..\test-results\accessibility-accessibilit-f9241-hould-have-proper-landmarks-chromium\test-failed-1.png
    ────────────────────────────────────────────────────────────────────────────────────────────────

    attachment #2: video (video/webm) ──────────────────────────────────────────────────────────────
    ..\..\test-results\accessibility-accessibilit-f9241-hould-have-proper-landmarks-chromium\video.webm
    ────────────────────────────────────────────────────────────────────────────────────────────────

    Error Context: ..\..\test-results\accessibility-accessibilit-f9241-hould-have-proper-landmarks-chromium\error-context.md

    attachment #4: trace (application/zip) ─────────────────────────────────────────────────────────
    ..\..\test-results\accessibility-accessibilit-f9241-hould-have-proper-landmarks-chromium\trace.zip
    Usage:

        npx playwright show-trace ..\..\test-results\accessibility-accessibilit-f9241-hould-have-proper-landmarks-chromium\trace.zip

    ────────────────────────────────────────────────────────────────────────────────────────────────
]]>
</failure>
<system-err>
<![CDATA[
Warning: attachment accessibility-accessibilit-f9241-hould-have-proper-landmarks-chromium\test-failed-1.png is missing
Warning: attachment accessibility-accessibilit-f9241-hould-have-proper-landmarks-chromium\video.webm is missing
Warning: attachment accessibility-accessibilit-f9241-hould-have-proper-landmarks-chromium\error-context.md is missing
Warning: attachment accessibility-accessibilit-f9241-hould-have-proper-landmarks-chromium\trace.zip is missing]]>
</system-err>
</testcase>
<testcase name="Accessibility - Keyboard Navigation › should be fully keyboard navigable" classname="accessibility\accessibility.spec.ts" time="1.758">
</testcase>
<testcase name="Accessibility - Keyboard Navigation › should trap focus in modal if present" classname="accessibility\accessibility.spec.ts" time="1.528">
</testcase>
<testcase name="Accessibility - Keyboard Navigation › should have visible skip link" classname="accessibility\accessibility.spec.ts" time="1.296">
</testcase>
<testcase name="Accessibility - Color Contrast › should have sufficient color contrast" classname="accessibility\accessibility.spec.ts" time="2.165">
</testcase>
<testcase name="Accessibility - Color Contrast › should maintain contrast in dark mode" classname="accessibility\accessibility.spec.ts" time="14.722">
<failure message="accessibility.spec.ts:240:7 should maintain contrast in dark mode" type="FAILURE">
<![CDATA[  [chromium] › accessibility\accessibility.spec.ts:240:7 › Accessibility - Color Contrast › should maintain contrast in dark mode 

    Error: expect(received).toEqual(expected) // deep equality

    - Expected  -  1
    + Received  + 58

    - Array []
    + Array [
    +   Object {
    +     "description": "Ensure the contrast between foreground and background colors meets WCAG 2 AA minimum contrast ratio thresholds",
    +     "help": "Elements must meet minimum color contrast ratio thresholds",
    +     "helpUrl": "https://dequeuniversity.com/rules/axe/4.11/color-contrast?application=playwright",
    +     "id": "color-contrast",
    +     "impact": "serious",
    +     "nodes": Array [
    +       Object {
    +         "all": Array [],
    +         "any": Array [
    +           Object {
    +             "data": Object {
    +               "bgColor": "#ffb300",
    +               "contrastRatio": 1.79,
    +               "expectedContrastRatio": "4.5:1",
    +               "fgColor": "#ffffff",
    +               "fontSize": "12.0pt (16px)",
    +               "fontWeight": "normal",
    +               "messageKey": null,
    +             },
    +             "id": "color-contrast",
    +             "impact": "serious",
    +             "message": "Element has insufficient color contrast of 1.79 (foreground color: #ffffff, background color: #ffb300, font size: 12.0pt (16px), font weight: normal). Expected contrast ratio of 4.5:1",
    +             "relatedNodes": Array [
    +               Object {
    +                 "html": "<button aria-label=\"Scroll to services section to learn more about our services\" class=\"group relative px-8 py-4 bg-bee-amber hover:bg-honey-600 text-white font-semibold rounded-full shadow-lg hover:shadow-xl transition-all duration-300 overflow-hidden\">",
    +                 "target": Array [
    +                   ".hover\\:bg-honey-600",
    +                 ],
    +               },
    +             ],
    +           },
    +         ],
    +         "failureSummary": "Fix any of the following:
    +   Element has insufficient color contrast of 1.79 (foreground color: #ffffff, background color: #ffb300, font size: 12.0pt (16px), font weight: normal). Expected contrast ratio of 4.5:1",
    +         "html": "<span class=\"relative z-10 flex items-center justify-center gap-2\">",
    +         "impact": "serious",
    +         "none": Array [],
    +         "target": Array [
    +           ".z-10.gap-2.justify-center",
    +         ],
    +       },
    +     ],
    +     "tags": Array [
    +       "cat.color",
    +       "wcag2aa",
    +       "wcag143",
    +       "TTv5",
    +       "TT13.c",
    +       "EN-301-549",
    +       "EN-9.1.4.3",
    +       "ACT",
    +       "RGAAv4",
    +       "RGAA-3.2.1",
    +     ],
    +   },
    + ]

      256 |       );
      257 |
    > 258 |       expect(contrastViolations).toEqual([]);
          |                                  ^
      259 |     }
      260 |   });
      261 | });
        at C:\honeybee\e2e\tests\accessibility\accessibility.spec.ts:258:34

    Error: apiRequestContext._wrapApiCall: ENOENT: no such file or directory, open 'C:\honeybee\test-results\.playwright-artifacts-6\traces\resources\page@0cb9c7fe99b53a20a557bb841118cfe9-1767981942302.jpeg'

    Error: ENOENT: no such file or directory, open 'C:\honeybee\test-results\.playwright-artifacts-6\41eafeb3301a87d86f1070d9f45034d9.zip'

    Test timeout of 30000ms exceeded.

    attachment #1: screenshot (image/png) ──────────────────────────────────────────────────────────
    ..\..\test-results\accessibility-accessibilit-b1b98-ntain-contrast-in-dark-mode-chromium\test-failed-1.png
    ────────────────────────────────────────────────────────────────────────────────────────────────

    Error Context: ..\..\test-results\accessibility-accessibilit-b1b98-ntain-contrast-in-dark-mode-chromium\error-context.md
]]>
</failure>
<system-err>
<![CDATA[
Warning: attachment accessibility-accessibilit-b1b98-ntain-contrast-in-dark-mode-chromium\test-failed-1.png is missing
Warning: attachment accessibility-accessibilit-b1b98-ntain-contrast-in-dark-mode-chromium\error-context.md is missing]]>
</system-err>
</testcase>
<testcase name="Accessibility - Screen Reader › should have descriptive ARIA labels on interactive elements" classname="accessibility\accessibility.spec.ts" time="21.413">
</testcase>
<testcase name="Accessibility - Screen Reader › should have role attributes where needed" classname="accessibility\accessibility.spec.ts" time="11.542">
</testcase>
<testcase name="Accessibility - Screen Reader › should announce dynamic content changes" classname="accessibility\accessibility.spec.ts" time="3.936">
</testcase>
</testsuite>
<testsuite name="happy-path\navigation.spec.ts" timestamp="2026-01-09T18:05:05.506Z" hostname="chromium" tests="14" failures="4" skipped="0" time="107.944" errors="0">
<testcase name="Navigation &amp; Routing › should navigate to services page" classname="happy-path\navigation.spec.ts" time="10.605">
<failure message="navigation.spec.ts:36:7 should navigate to services page" type="FAILURE">
<![CDATA[  [chromium] › happy-path\navigation.spec.ts:36:7 › Navigation & Routing › should navigate to services page 

    Error: locator.waitFor: Error: strict mode violation: getByRole('button', { name: /services/i }) resolved to 10 elements:
        1) <button aria-haspopup="menu" aria-expanded="false" aria-controls="services-submenu" class="text-gray-700 dark:text-gray-300 hover:text-primary-400 dark:hover:text-primary-400 transition-colors font-medium flex items-center">…</button> aka getByTestId('main-navigation').getByRole('button', { name: 'Services' })
        2) <button aria-label="Scroll to services section to learn more about our services" class="group relative px-8 py-4 bg-bee-amber hover:bg-honey-600 text-white font-semibold rounded-full shadow-lg hover:shadow-xl transition-all duration-300 overflow-hidden">…</button> aka getByRole('button', { name: 'Scroll to services section to' })
        3) <button aria-pressed="false" aria-label="Filter by Day Services" class="px-6 py-2 rounded-full font-medium transition-all duration-300 bg-gray-100 dark:bg-gray-800 text-gray-700 dark:text-gray-300 hover:bg-gray-200 dark:hover:bg-gray-700">Day Services</button> aka getByRole('button', { name: 'Filter by Day Services' })
        4) <button tabindex="0" class="px-4 py-2 rounded-full bg-white dark:bg-gray-800 border-2 border-primary-400 text-sm font-medium text-primary-600 dark:text-primary-400 hover:bg-primary-400 hover:text-white dark:hover:bg-primary-500 transition-all shadow-md hover:shadow-lg">What services do you provide?</button> aka getByRole('button', { name: 'What services do you provide?' })
        5) <button aria-pressed="false" aria-label="Filter by Services" class="px-5 py-2.5 rounded-full font-medium transition-all bg-white dark:bg-gray-800 text-gray-700 dark:text-gray-300 border-2 border-gray-300 dark:border-gray-600 hover:bg-gray-50 dark:hover:bg-gray-700">Services</button> aka getByRole('button', { name: 'Filter by Services' })
        6) <button aria-expanded="false" aria-controls="faq-answer-services" class="w-full text-left px-6 py-5 flex items-start justify-between gap-4 hover:bg-gray-50 dark:hover:bg-gray-700 transition-colors focus:outline-none">…</button> aka getByRole('button', { name: '💬 What services does HBCS' })
        7) <button aria-expanded="false" aria-controls="faq-answer-eligibility" class="w-full text-left px-6 py-5 flex items-start justify-between gap-4 hover:bg-gray-50 dark:hover:bg-gray-700 transition-colors focus:outline-none">…</button> aka getByRole('button', { name: '💬 How do I qualify for HBCS' })
        8) <button aria-expanded="false" aria-controls="faq-answer-residential" class="w-full text-left px-6 py-5 flex items-start justify-between gap-4 hover:bg-gray-50 dark:hover:bg-gray-700 transition-colors focus:outline-none">…</button> aka getByRole('button', { name: '💬 What is your Residential' })
        9) <button aria-expanded="false" aria-controls="faq-answer-day-services" class="w-full text-left px-6 py-5 flex items-start justify-between gap-4 hover:bg-gray-50 dark:hover:bg-gray-700 transition-colors focus:outline-none">…</button> aka getByRole('button', { name: '💬 What do you offer in Day' })
        10) <button aria-expanded="false" aria-controls="faq-answer-cost" class="w-full text-left px-6 py-5 flex items-start justify-between gap-4 hover:bg-gray-50 dark:hover:bg-gray-700 transition-colors focus:outline-none">…</button> aka getByRole('button', { name: '💬 How much do your services' })

    Call log:
      - waiting for getByRole('button', { name: /services/i }) to be visible


      43 |     // Services is a dropdown button, need to click menu item
      44 |     const servicesButton = page.getByRole('button', { name: /services/i });
    > 45 |     await servicesButton.waitFor({ state: 'visible', timeout: 10000 });
         |                          ^
      46 |     await servicesButton.click();
      47 |
      48 |     // Use robust wait strategy
        at C:\honeybee\e2e\tests\happy-path\navigation.spec.ts:45:26

    Error: apiRequestContext._wrapApiCall: ENOENT: no such file or directory, open 'C:\honeybee\test-results\.playwright-artifacts-3\traces\f867e745c2b2a67f13bb-242048da6d0a8eaf60a3-recording3.trace'

    Error: ENOENT: no such file or directory, open 'C:\honeybee\test-results\.playwright-artifacts-3\1b00164b628d379216649a26461e90af.zip'

    Test timeout of 30000ms exceeded.

    attachment #1: screenshot (image/png) ──────────────────────────────────────────────────────────
    ..\..\test-results\happy-path-navigation-Navi-9bd7c-d-navigate-to-services-page-chromium\test-failed-1.png
    ────────────────────────────────────────────────────────────────────────────────────────────────

    Error Context: ..\..\test-results\happy-path-navigation-Navi-9bd7c-d-navigate-to-services-page-chromium\error-context.md
]]>
</failure>
<system-err>
<![CDATA[
Warning: attachment happy-path-navigation-Navi-9bd7c-d-navigate-to-services-page-chromium\test-failed-1.png is missing
Warning: attachment happy-path-navigation-Navi-9bd7c-d-navigate-to-services-page-chromium\error-context.md is missing]]>
</system-err>
</testcase>
<testcase name="Navigation &amp; Routing › should navigate to history page" classname="happy-path\navigation.spec.ts" time="10.397">
</testcase>
<testcase name="Navigation &amp; Routing › should navigate to our vision page" classname="happy-path\navigation.spec.ts" time="6.109">
</testcase>
<testcase name="Navigation &amp; Routing › should navigate back to home from history" classname="happy-path\navigation.spec.ts" time="1.231">
<failure message="navigation.spec.ts:100:7 should navigate back to home from history" type="FAILURE">
<![CDATA[  [chromium] › happy-path\navigation.spec.ts:100:7 › Navigation & Routing › should navigate back to home from history 

    Error: locator.waitFor: Error: strict mode violation: locator('a[href="/"]') resolved to 2 elements:
        1) <a href="/" data-testid="back-to-home-link" aria-label="Navigate back to home page" class="inline-flex items-center text-primary-400 hover:text-primary-500 mb-6 font-medium">…</a> aka getByTestId('back-to-home-link')
        2) <a href="/" class="text-gray-400 hover:text-bee-gold-dark transition-colors">Home</a> aka getByRole('link', { name: 'Home', exact: true })

    Call log:
      - waiting for locator('a[href="/"]')


      105 |     // Wait for back button to be ready
      106 |     const backToHomeButton = page.locator('a[href="/"]');
    > 107 |     await backToHomeButton.waitFor({ state: 'attached', timeout: 5000 });
          |                            ^
      108 |     await historyPage.clickBackToHome();
      109 |
      110 |     // Browser-specific wait for navigation
        at C:\honeybee\e2e\tests\happy-path\navigation.spec.ts:107:28

    Error: apiRequestContext._wrapApiCall: ENOENT: no such file or directory, open 'C:\honeybee\test-results\.playwright-artifacts-11\traces\f867e745c2b2a67f13bb-f419972ec93fd372f2ef-recording2.network'

    Error: ENOENT: no such file or directory, open 'C:\honeybee\test-results\.playwright-artifacts-11\e6d9019c45094db7904f385822ba3df0.zip'

    Test timeout of 30000ms exceeded.

    attachment #1: screenshot (image/png) ──────────────────────────────────────────────────────────
    ..\..\test-results\happy-path-navigation-Navi-6d98e-e-back-to-home-from-history-chromium\test-failed-1.png
    ────────────────────────────────────────────────────────────────────────────────────────────────

    Error Context: ..\..\test-results\happy-path-navigation-Navi-6d98e-e-back-to-home-from-history-chromium\error-context.md
]]>
</failure>
<system-err>
<![CDATA[
Warning: attachment happy-path-navigation-Navi-6d98e-e-back-to-home-from-history-chromium\test-failed-1.png is missing
Warning: attachment happy-path-navigation-Navi-6d98e-e-back-to-home-from-history-chromium\error-context.md is missing]]>
</system-err>
</testcase>
<testcase name="Navigation &amp; Routing › should navigate to service detail pages" classname="happy-path\navigation.spec.ts" time="11.575">
<failure message="navigation.spec.ts:118:7 should navigate to service detail pages" type="FAILURE">
<![CDATA[  [chromium] › happy-path\navigation.spec.ts:118:7 › Navigation & Routing › should navigate to service detail pages 

    Error: expect(locator).toBeVisible() failed

    Locator: getByRole('menu')
    Expected: visible
    Timeout: 10000ms
    Error: element(s) not found

    Call log:
      - Expect "toBeVisible" with timeout 10000ms
      - waiting for getByRole('menu')


      16 | async function waitForMenuReady(page: any, browserName: string) {
      17 |   // Wait for menu to be visible
    > 18 |   await expect(page.getByRole('menu')).toBeVisible({ timeout: 10000 });
         |                                        ^
      19 |
      20 |   // Browser-specific waits
      21 |   const browserWaits: Record<string, number> = {
        at waitForMenuReady (C:\honeybee\e2e\tests\happy-path\navigation.spec.ts:18:40)
        at C:\honeybee\e2e\tests\happy-path\navigation.spec.ts:128:11

    Error: apiRequestContext._wrapApiCall: ENOENT: no such file or directory, open 'C:\honeybee\test-results\.playwright-artifacts-9\traces\f867e745c2b2a67f13bb-27cebcb3387a2a2ec3a8-recording2.trace'

    attachment #1: screenshot (image/png) ──────────────────────────────────────────────────────────
    ..\..\test-results\happy-path-navigation-Navi-d2a42-ate-to-service-detail-pages-chromium\test-failed-1.png
    ────────────────────────────────────────────────────────────────────────────────────────────────

    Error Context: ..\..\test-results\happy-path-navigation-Navi-d2a42-ate-to-service-detail-pages-chromium\error-context.md

    attachment #3: trace (application/zip) ─────────────────────────────────────────────────────────
    ..\..\test-results\happy-path-navigation-Navi-d2a42-ate-to-service-detail-pages-chromium\trace.zip
    Usage:

        npx playwright show-trace ..\..\test-results\happy-path-navigation-Navi-d2a42-ate-to-service-detail-pages-chromium\trace.zip

    ────────────────────────────────────────────────────────────────────────────────────────────────
]]>
</failure>
<system-err>
<![CDATA[
Warning: attachment happy-path-navigation-Navi-d2a42-ate-to-service-detail-pages-chromium\test-failed-1.png is missing
Warning: attachment happy-path-navigation-Navi-d2a42-ate-to-service-detail-pages-chromium\error-context.md is missing
Warning: attachment happy-path-navigation-Navi-d2a42-ate-to-service-detail-pages-chromium\trace.zip is missing]]>
</system-err>
</testcase>
<testcase name="Navigation &amp; Routing › should navigate to contact section" classname="happy-path\navigation.spec.ts" time="1.453">
</testcase>
<testcase name="Navigation &amp; Routing › should handle 404 for non-existent routes" classname="happy-path\navigation.spec.ts" time="0.528">
</testcase>
<testcase name="Navigation &amp; Routing › should maintain state on page reload" classname="happy-path\navigation.spec.ts" time="3.49">
</testcase>
<testcase name="Navigation &amp; Routing › should handle browser back button" classname="happy-path\navigation.spec.ts" time="6.537">
</testcase>
<testcase name="Navigation &amp; Routing › should handle browser forward button" classname="happy-path\navigation.spec.ts" time="20.795">
</testcase>
<testcase name="Navigation &amp; Routing › should navigate via direct URL" classname="happy-path\navigation.spec.ts" time="13.648">
<failure message="navigation.spec.ts:255:7 should navigate via direct URL" type="FAILURE">
<![CDATA[  [chromium] › happy-path\navigation.spec.ts:255:7 › Navigation & Routing › should navigate via direct URL 

    TimeoutError: locator.waitFor: Timeout 8000ms exceeded.
    Call log:
      - waiting for getByRole('heading', { name: /our services/i }) to be visible


      259 |     await expect(page).toHaveURL('/services');
      260 |     const servicesHeading = page.getByRole('heading', { name: /our services/i });
    > 261 |     await servicesHeading.waitFor({ state: 'visible', timeout: 8000 });
          |                           ^
      262 |     await expect(servicesHeading).toBeVisible();
      263 |
      264 |     // Navigate directly to history
        at C:\honeybee\e2e\tests\happy-path\navigation.spec.ts:261:27

    attachment #1: screenshot (image/png) ──────────────────────────────────────────────────────────
    ..\..\test-results\happy-path-navigation-Navi-144e7-uld-navigate-via-direct-URL-chromium\test-failed-1.png
    ────────────────────────────────────────────────────────────────────────────────────────────────

    attachment #2: video (video/webm) ──────────────────────────────────────────────────────────────
    ..\..\test-results\happy-path-navigation-Navi-144e7-uld-navigate-via-direct-URL-chromium\video.webm
    ────────────────────────────────────────────────────────────────────────────────────────────────

    Error Context: ..\..\test-results\happy-path-navigation-Navi-144e7-uld-navigate-via-direct-URL-chromium\error-context.md

    attachment #4: trace (application/zip) ─────────────────────────────────────────────────────────
    ..\..\test-results\happy-path-navigation-Navi-144e7-uld-navigate-via-direct-URL-chromium\trace.zip
    Usage:

        npx playwright show-trace ..\..\test-results\happy-path-navigation-Navi-144e7-uld-navigate-via-direct-URL-chromium\trace.zip

    ────────────────────────────────────────────────────────────────────────────────────────────────
]]>
</failure>
<system-err>
<![CDATA[
Warning: attachment happy-path-navigation-Navi-144e7-uld-navigate-via-direct-URL-chromium\test-failed-1.png is missing
Warning: attachment happy-path-navigation-Navi-144e7-uld-navigate-via-direct-URL-chromium\video.webm is missing
Warning: attachment happy-path-navigation-Navi-144e7-uld-navigate-via-direct-URL-chromium\error-context.md is missing
Warning: attachment happy-path-navigation-Navi-144e7-uld-navigate-via-direct-URL-chromium\trace.zip is missing]]>
</system-err>
</testcase>
<testcase name="Navigation &amp; Routing › should handle navigation with query parameters" classname="happy-path\navigation.spec.ts" time="4.511">
</testcase>
<testcase name="Navigation &amp; Routing › should maintain scroll position on back navigation" classname="happy-path\navigation.spec.ts" time="9.631">
</testcase>
<testcase name="Navigation &amp; Routing › should handle multiple rapid navigations" classname="happy-path\navigation.spec.ts" time="7.434">
</testcase>
</testsuite>
<testsuite name="regression\page-content.spec.ts" timestamp="2026-01-09T18:05:05.506Z" hostname="chromium" tests="23" failures="6" skipped="0" time="168.27" errors="0">
<testcase name="Homepage - Content Tests › should display hero heading" classname="regression\page-content.spec.ts" time="1.213">
</testcase>
<testcase name="Homepage - Content Tests › should display services section" classname="regression\page-content.spec.ts" time="30.451">
<failure message="page-content.spec.ts:22:7 should display services section" type="FAILURE">
<![CDATA[  [chromium] › regression\page-content.spec.ts:22:7 › Homepage - Content Tests › should display services section 

    Test timeout of 30000ms exceeded.

    Error: apiRequestContext._wrapApiCall: ENOENT: no such file or directory, open 'C:\honeybee\test-results\.playwright-artifacts-12\traces\2b65982df469141bc2e5-583a319be1b46a6b87f8-recording2.trace'

    Error: locator.scrollIntoViewIfNeeded: Test ended.
    Call log:
      - waiting for getByTestId('services-section').or(locator('[data-testid="services-section"]'))


      27 |     // Use data-testid for specific section - scroll into view first
      28 |     const servicesSection = page.getByTestId('services-section').or(page.locator('[data-testid="services-section"]'));
    > 29 |     await servicesSection.scrollIntoViewIfNeeded();
         |                           ^
      30 |     await expect(servicesSection).toBeVisible();
      31 |
      32 |     // More flexible heading selector
        at C:\honeybee\e2e\tests\regression\page-content.spec.ts:29:27

    attachment #1: screenshot (image/png) ──────────────────────────────────────────────────────────
    ..\..\test-results\regression-page-content-Ho-e29a4-ld-display-services-section-chromium\test-failed-1.png
    ────────────────────────────────────────────────────────────────────────────────────────────────

    Error Context: ..\..\test-results\regression-page-content-Ho-e29a4-ld-display-services-section-chromium\error-context.md

    attachment #3: trace (application/zip) ─────────────────────────────────────────────────────────
    ..\..\test-results\regression-page-content-Ho-e29a4-ld-display-services-section-chromium\trace.zip
    Usage:

        npx playwright show-trace ..\..\test-results\regression-page-content-Ho-e29a4-ld-display-services-section-chromium\trace.zip

    ────────────────────────────────────────────────────────────────────────────────────────────────
]]>
</failure>
<system-err>
<![CDATA[
Warning: attachment regression-page-content-Ho-e29a4-ld-display-services-section-chromium\test-failed-1.png is missing
Warning: attachment regression-page-content-Ho-e29a4-ld-display-services-section-chromium\error-context.md is missing
Warning: attachment regression-page-content-Ho-e29a4-ld-display-services-section-chromium\trace.zip is missing]]>
</system-err>
</testcase>
<testcase name="Homepage - Content Tests › should display gallery section" classname="regression\page-content.spec.ts" time="7.881">
</testcase>
<testcase name="Homepage - Content Tests › should display about section" classname="regression\page-content.spec.ts" time="30.458">
<failure message="page-content.spec.ts:45:7 should display about section" type="FAILURE">
<![CDATA[  [chromium] › regression\page-content.spec.ts:45:7 › Homepage - Content Tests › should display about section 

    Test timeout of 30000ms exceeded.

    Error: apiRequestContext._wrapApiCall: ENOENT: no such file or directory, open 'C:\honeybee\test-results\.playwright-artifacts-16\traces\2b65982df469141bc2e5-5f51896b34623a2d9fe6.trace'

    Error: locator.scrollIntoViewIfNeeded: Test ended.
    Call log:
      - waiting for locator('[data-testid="about-section"]')


      48 |     await page.waitForLoadState('networkidle');
      49 |
    > 50 |     await homePage.aboutSection.scrollIntoViewIfNeeded();
         |                                 ^
      51 |     await expect(homePage.aboutSection).toBeVisible();
      52 |
      53 |     // More flexible heading selector
        at C:\honeybee\e2e\tests\regression\page-content.spec.ts:50:33

    Error: ENOENT: no such file or directory, open 'C:\honeybee\test-results\.playwright-artifacts-16\8c7242af3d8449801ed12a520b3ace8c.zip'

    Test timeout of 30000ms exceeded.

    attachment #1: screenshot (image/png) ──────────────────────────────────────────────────────────
    ..\..\test-results\regression-page-content-Ho-736ca-hould-display-about-section-chromium\test-failed-1.png
    ────────────────────────────────────────────────────────────────────────────────────────────────

    Error Context: ..\..\test-results\regression-page-content-Ho-736ca-hould-display-about-section-chromium\error-context.md
]]>
</failure>
<system-err>
<![CDATA[
Warning: attachment regression-page-content-Ho-736ca-hould-display-about-section-chromium\test-failed-1.png is missing
Warning: attachment regression-page-content-Ho-736ca-hould-display-about-section-chromium\error-context.md is missing]]>
</system-err>
</testcase>
<testcase name="Homepage - Content Tests › should display testimonials section" classname="regression\page-content.spec.ts" time="9.101">
</testcase>
<testcase name="Homepage - Content Tests › should display contact section" classname="regression\page-content.spec.ts" time="6.963">
</testcase>
<testcase name="Services Page - Content Tests › should display services heading" classname="regression\page-content.spec.ts" time="9.737">
<failure message="page-content.spec.ts:76:7 should display services heading" type="FAILURE">
<![CDATA[  [chromium] › regression\page-content.spec.ts:76:7 › Services Page - Content Tests › should display services heading 

    Error: expect(locator).toHaveText(expected) failed

    Locator: getByTestId('services-heading')
    Expected pattern: /our services/i
    Timeout: 5000ms
    Error: element(s) not found

    Call log:
      - Expect "toHaveText" with timeout 5000ms
      - waiting for getByTestId('services-heading')


      79 |
      80 |     await expect(servicesPage.heading).toBeVisible();
    > 81 |     await expect(servicesPage.heading).toHaveText(/our services/i);
         |                                        ^
      82 |   });
      83 |
      84 |   test('should display all three service cards', async ({ page }) => {
        at C:\honeybee\e2e\tests\regression\page-content.spec.ts:81:40

    attachment #1: screenshot (image/png) ──────────────────────────────────────────────────────────
    ..\..\test-results\regression-page-content-Se-7d915-ld-display-services-heading-chromium\test-failed-1.png
    ────────────────────────────────────────────────────────────────────────────────────────────────

    attachment #2: video (video/webm) ──────────────────────────────────────────────────────────────
    ..\..\test-results\regression-page-content-Se-7d915-ld-display-services-heading-chromium\video.webm
    ────────────────────────────────────────────────────────────────────────────────────────────────

    Error Context: ..\..\test-results\regression-page-content-Se-7d915-ld-display-services-heading-chromium\error-context.md

    attachment #4: trace (application/zip) ─────────────────────────────────────────────────────────
    ..\..\test-results\regression-page-content-Se-7d915-ld-display-services-heading-chromium\trace.zip
    Usage:

        npx playwright show-trace ..\..\test-results\regression-page-content-Se-7d915-ld-display-services-heading-chromium\trace.zip

    ────────────────────────────────────────────────────────────────────────────────────────────────
]]>
</failure>
<system-err>
<![CDATA[
Warning: attachment regression-page-content-Se-7d915-ld-display-services-heading-chromium\test-failed-1.png is missing
Warning: attachment regression-page-content-Se-7d915-ld-display-services-heading-chromium\video.webm is missing
Warning: attachment regression-page-content-Se-7d915-ld-display-services-heading-chromium\error-context.md is missing
Warning: attachment regression-page-content-Se-7d915-ld-display-services-heading-chromium\trace.zip is missing]]>
</system-err>
</testcase>
<testcase name="Services Page - Content Tests › should display all three service cards" classname="regression\page-content.spec.ts" time="2.834">
</testcase>
<testcase name="Services Page - Content Tests › should display service cards with images" classname="regression\page-content.spec.ts" time="4.868">
<failure message="page-content.spec.ts:92:7 should display service cards with images" type="FAILURE">
<![CDATA[  [chromium] › regression\page-content.spec.ts:92:7 › Services Page - Content Tests › should display service cards with images 

    Error: expect(received).toBe(expected) // Object.is equality

    Expected: true
    Received: false

       95 |
       96 |     const hasImages = await servicesPage.doServiceCardsHaveImages();
    >  97 |     expect(hasImages).toBe(true);
          |                       ^
       98 |   });
       99 |
      100 |   test('should display quick facts section', async ({ page }) => {
        at C:\honeybee\e2e\tests\regression\page-content.spec.ts:97:23

    Error: apiRequestContext._wrapApiCall: ENOENT: no such file or directory, open 'C:\honeybee\test-results\.playwright-artifacts-13\traces\2b65982df469141bc2e5-556626b6d8570aa8f221-recording1.network'

    Error: ENOENT: no such file or directory, open 'C:\honeybee\test-results\.playwright-artifacts-13\3dc4171163168a30728767d8d8d4070b.zip'

    Test timeout of 30000ms exceeded.

    attachment #1: screenshot (image/png) ──────────────────────────────────────────────────────────
    ..\..\test-results\regression-page-content-Se-2bf89-y-service-cards-with-images-chromium\test-failed-1.png
    ────────────────────────────────────────────────────────────────────────────────────────────────

    Error Context: ..\..\test-results\regression-page-content-Se-2bf89-y-service-cards-with-images-chromium\error-context.md
]]>
</failure>
<system-err>
<![CDATA[
Warning: attachment regression-page-content-Se-2bf89-y-service-cards-with-images-chromium\test-failed-1.png is missing
Warning: attachment regression-page-content-Se-2bf89-y-service-cards-with-images-chromium\error-context.md is missing]]>
</system-err>
</testcase>
<testcase name="Services Page - Content Tests › should display quick facts section" classname="regression\page-content.spec.ts" time="11.004">
<failure message="page-content.spec.ts:100:7 should display quick facts section" type="FAILURE">
<![CDATA[  [chromium] › regression\page-content.spec.ts:100:7 › Services Page - Content Tests › should display quick facts section 

    Error: expect(locator).toBeVisible() failed

    Locator: getByTestId('quick-facts-section')
    Expected: visible
    Timeout: 5000ms
    Error: element(s) not found

    Call log:
      - Expect "toBeVisible" with timeout 5000ms
      - waiting for getByTestId('quick-facts-section')


      102 |     await servicesPage.goto();
      103 |
    > 104 |     await expect(servicesPage.quickFactsSection).toBeVisible();
          |                                                  ^
      105 |     await expect(servicesPage.quickFactsSection.getByText('Service Areas')).toBeVisible();
      106 |   });
      107 |
        at C:\honeybee\e2e\tests\regression\page-content.spec.ts:104:50

    attachment #1: screenshot (image/png) ──────────────────────────────────────────────────────────
    ..\..\test-results\regression-page-content-Se-fdc0f-display-quick-facts-section-chromium\test-failed-1.png
    ────────────────────────────────────────────────────────────────────────────────────────────────

    attachment #2: video (video/webm) ──────────────────────────────────────────────────────────────
    ..\..\test-results\regression-page-content-Se-fdc0f-display-quick-facts-section-chromium\video.webm
    ────────────────────────────────────────────────────────────────────────────────────────────────

    Error Context: ..\..\test-results\regression-page-content-Se-fdc0f-display-quick-facts-section-chromium\error-context.md

    attachment #4: trace (application/zip) ─────────────────────────────────────────────────────────
    ..\..\test-results\regression-page-content-Se-fdc0f-display-quick-facts-section-chromium\trace.zip
    Usage:

        npx playwright show-trace ..\..\test-results\regression-page-content-Se-fdc0f-display-quick-facts-section-chromium\trace.zip

    ────────────────────────────────────────────────────────────────────────────────────────────────
]]>
</failure>
<system-err>
<![CDATA[
Warning: attachment regression-page-content-Se-fdc0f-display-quick-facts-section-chromium\test-failed-1.png is missing
Warning: attachment regression-page-content-Se-fdc0f-display-quick-facts-section-chromium\video.webm is missing
Warning: attachment regression-page-content-Se-fdc0f-display-quick-facts-section-chromium\error-context.md is missing
Warning: attachment regression-page-content-Se-fdc0f-display-quick-facts-section-chromium\trace.zip is missing]]>
</system-err>
</testcase>
<testcase name="Services Page - Content Tests › should display contact section" classname="regression\page-content.spec.ts" time="2.732">
</testcase>
<testcase name="Services Page - Content Tests › should display service descriptions" classname="regression\page-content.spec.ts" time="2.632">
<failure message="page-content.spec.ts:116:7 should display service descriptions" type="FAILURE">
<![CDATA[  [chromium] › regression\page-content.spec.ts:116:7 › Services Page - Content Tests › should display service descriptions 

    Error: expect(locator).toBeVisible() failed

    Locator: getByText(/day services/i)
    Expected: visible
    Error: strict mode violation: getByText(/day services/i) resolved to 2 elements:
        1) <p class="text-xl text-gray-600 dark:text-gray-400 mb-8">Personalized support through Residential, Day Ser…</p> aka getByText('Personalized support through')
        2) <h3 class="text-2xl font-bold text-white mb-2">Day Services</h3> aka getByTestId('service-card-day-services')

    Call log:
      - Expect "toBeVisible" with timeout 5000ms
      - waiting for getByText(/day services/i)


      120 |     // Check for service titles (case insensitive)
      121 |     await expect(page.getByText(/residential services/i)).toBeVisible();
    > 122 |     await expect(page.getByText(/day services/i)).toBeVisible();
          |                                                   ^
      123 |     await expect(page.getByText(/targeted case management/i)).toBeVisible();
      124 |   });
      125 | });
        at C:\honeybee\e2e\tests\regression\page-content.spec.ts:122:51

    attachment #1: screenshot (image/png) ──────────────────────────────────────────────────────────
    ..\..\test-results\regression-page-content-Se-40d9c-isplay-service-descriptions-chromium\test-failed-1.png
    ────────────────────────────────────────────────────────────────────────────────────────────────

    attachment #2: video (video/webm) ──────────────────────────────────────────────────────────────
    ..\..\test-results\regression-page-content-Se-40d9c-isplay-service-descriptions-chromium\video.webm
    ────────────────────────────────────────────────────────────────────────────────────────────────

    Error Context: ..\..\test-results\regression-page-content-Se-40d9c-isplay-service-descriptions-chromium\error-context.md

    attachment #4: trace (application/zip) ─────────────────────────────────────────────────────────
    ..\..\test-results\regression-page-content-Se-40d9c-isplay-service-descriptions-chromium\trace.zip
    Usage:

        npx playwright show-trace ..\..\test-results\regression-page-content-Se-40d9c-isplay-service-descriptions-chromium\trace.zip

    ────────────────────────────────────────────────────────────────────────────────────────────────
]]>
</failure>
<system-err>
<![CDATA[
Warning: attachment regression-page-content-Se-40d9c-isplay-service-descriptions-chromium\test-failed-1.png is missing
Warning: attachment regression-page-content-Se-40d9c-isplay-service-descriptions-chromium\video.webm is missing
Warning: attachment regression-page-content-Se-40d9c-isplay-service-descriptions-chromium\error-context.md is missing
Warning: attachment regression-page-content-Se-40d9c-isplay-service-descriptions-chromium\trace.zip is missing]]>
</system-err>
</testcase>
<testcase name="History Page - Content Tests › should display history heading" classname="regression\page-content.spec.ts" time="3.594">
</testcase>
<testcase name="History Page - Content Tests › should display subheading" classname="regression\page-content.spec.ts" time="4.535">
</testcase>
<testcase name="History Page - Content Tests › should display founder name" classname="regression\page-content.spec.ts" time="3.485">
</testcase>
<testcase name="History Page - Content Tests › should display founder section" classname="regression\page-content.spec.ts" time="3.029">
</testcase>
<testcase name="History Page - Content Tests › should display timeline section" classname="regression\page-content.spec.ts" time="2.852">
</testcase>
<testcase name="History Page - Content Tests › should display timeline events" classname="regression\page-content.spec.ts" time="2.593">
</testcase>
<testcase name="History Page - Content Tests › should display impact stats section" classname="regression\page-content.spec.ts" time="2.439">
</testcase>
<testcase name="History Page - Content Tests › should display back to home link" classname="regression\page-content.spec.ts" time="1.778">
</testcase>
<testcase name="Service Detail Pages - Content Tests › should display residential services page" classname="regression\page-content.spec.ts" time="8.867">
</testcase>
<testcase name="Service Detail Pages - Content Tests › should display day services page" classname="regression\page-content.spec.ts" time="7.812">
</testcase>
<testcase name="Service Detail Pages - Content Tests › should display targeted case management page" classname="regression\page-content.spec.ts" time="7.412">
</testcase>
</testsuite>
<testsuite name="regression\responsive-design.spec.ts" timestamp="2026-01-09T18:05:05.506Z" hostname="chromium" tests="27" failures="6" skipped="0" time="112.25" errors="0">
<testcase name="Mobile View (375x667) › should display homepage on mobile" classname="regression\responsive-design.spec.ts" time="5.859">
</testcase>
<testcase name="Mobile View (375x667) › should have mobile viewport size" classname="regression\responsive-design.spec.ts" time="1.815">
</testcase>
<testcase name="Mobile View (375x667) › should display services page on mobile" classname="regression\responsive-design.spec.ts" time="5.348">
</testcase>
<testcase name="Mobile View (375x667) › should display history page on mobile" classname="regression\responsive-design.spec.ts" time="5.453">
</testcase>
<testcase name="Mobile View (375x667) › should have mobile-friendly navigation" classname="regression\responsive-design.spec.ts" time="5.399">
</testcase>
<testcase name="Tablet View (768x1024) › should display homepage on tablet" classname="regression\responsive-design.spec.ts" time="2.342">
</testcase>
<testcase name="Tablet View (768x1024) › should have tablet viewport size" classname="regression\responsive-design.spec.ts" time="2.363">
</testcase>
<testcase name="Tablet View (768x1024) › should display services page on tablet" classname="regression\responsive-design.spec.ts" time="2.046">
</testcase>
<testcase name="Tablet View (768x1024) › should display history page on tablet" classname="regression\responsive-design.spec.ts" time="2.823">
</testcase>
<testcase name="Tablet View (768x1024) › should have proper layout on tablet" classname="regression\responsive-design.spec.ts" time="2.664">
</testcase>
<testcase name="Desktop View (1280x720) › should display homepage on desktop" classname="regression\responsive-design.spec.ts" time="1.813">
</testcase>
<testcase name="Desktop View (1280x720) › should have desktop viewport size" classname="regression\responsive-design.spec.ts" time="1.499">
</testcase>
<testcase name="Desktop View (1280x720) › should display services page on desktop" classname="regression\responsive-design.spec.ts" time="1.557">
</testcase>
<testcase name="Desktop View (1280x720) › should display history page on desktop" classname="regression\responsive-design.spec.ts" time="1.613">
</testcase>
<testcase name="Desktop View (1280x720) › should have proper desktop layout" classname="regression\responsive-design.spec.ts" time="2.215">
</testcase>
<testcase name="Desktop View (1280x720) › should display hover states on desktop" classname="regression\responsive-design.spec.ts" time="30.136">
<failure message="responsive-design.spec.ts:175:7 should display hover states on desktop" type="FAILURE">
<![CDATA[  [chromium] › regression\responsive-design.spec.ts:175:7 › Desktop View (1280x720) › should display hover states on desktop 

    Test timeout of 30000ms exceeded.

    Error: apiRequestContext._wrapApiCall: ENOENT: no such file or directory, open 'C:\honeybee\test-results\.playwright-artifacts-20\traces\970e1cf97e2a40347e6e-a1bdd0af29be448a04ef-recording6.trace'

    Error: locator.hover: Test ended.
    Call log:
      - waiting for locator('a[href^="/services/"]').first()
        - locator resolved to <a href="/services/residential" data-testid="service-card-residential">…</a>
      - attempting hover action
        2 × waiting for element to be visible and stable
          - element is not stable
        - retrying hover action
        - waiting 20ms
        2 × waiting for element to be visible and stable
          - element is not stable
        - retrying hover action
          - waiting 100ms
        - waiting for element to be visible and stable
      - element was detached from the DOM, retrying


      180 |
      181 |     // Hover over card
    > 182 |     await firstServiceCard.hover();
          |                            ^
      183 |
      184 |     // Card should still be visible
      185 |     await expect(firstServiceCard).toBeVisible();
        at C:\honeybee\e2e\tests\regression\responsive-design.spec.ts:182:28

    Error: ENOENT: no such file or directory, open 'C:\honeybee\test-results\.playwright-artifacts-20\27be63f169e2f63e9a074f3de340b1c2.zip'

    Test timeout of 30000ms exceeded.

    attachment #1: screenshot (image/png) ──────────────────────────────────────────────────────────
    ..\..\test-results\regression-responsive-desi-c820d-lay-hover-states-on-desktop-chromium\test-failed-1.png
    ────────────────────────────────────────────────────────────────────────────────────────────────

    Error Context: ..\..\test-results\regression-responsive-desi-c820d-lay-hover-states-on-desktop-chromium\error-context.md
]]>
</failure>
<system-err>
<![CDATA[
Warning: attachment regression-responsive-desi-c820d-lay-hover-states-on-desktop-chromium\test-failed-1.png is missing
Warning: attachment regression-responsive-desi-c820d-lay-hover-states-on-desktop-chromium\error-context.md is missing]]>
</system-err>
</testcase>
<testcase name="Responsive Behavior Across Viewports › should display homepage on Mobile (375x667)" classname="regression\responsive-design.spec.ts" time="2.086">
</testcase>
<testcase name="Responsive Behavior Across Viewports › should display homepage on Tablet (768x1024)" classname="regression\responsive-design.spec.ts" time="2.258">
</testcase>
<testcase name="Responsive Behavior Across Viewports › should display homepage on Desktop (1280x720)" classname="regression\responsive-design.spec.ts" time="2.057">
</testcase>
<testcase name="Responsive Behavior Across Viewports › should display services page on Mobile (375x667)" classname="regression\responsive-design.spec.ts" time="7.265">
<failure message="responsive-design.spec.ts:212:9 should display services page on Mobile (375x667)" type="FAILURE">
<![CDATA[  [chromium] › regression\responsive-design.spec.ts:212:9 › Responsive Behavior Across Viewports › should display services page on Mobile (375x667) 

    Error: expect(locator).toBeVisible() failed

    Locator: getByRole('heading').filter({ hasText: /services/i }).first()
    Expected: visible
    Timeout: 5000ms
    Error: element(s) not found

    Call log:
      - Expect "toBeVisible" with timeout 5000ms
      - waiting for getByRole('heading').filter({ hasText: /services/i }).first()


      217 |       // More flexible heading selector
      218 |       const heading = page.getByRole('heading').filter({ hasText: /services/i }).first();
    > 219 |       await expect(heading).toBeVisible();
          |                             ^
      220 |
      221 |       // No horizontal scroll
      222 |       const bodyWidth = await page.evaluate(() => document.body.scrollWidth);
        at C:\honeybee\e2e\tests\regression\responsive-design.spec.ts:219:29

    Error: apiRequestContext._wrapApiCall: ENOENT: no such file or directory, open 'C:\honeybee\test-results\.playwright-artifacts-21\traces\970e1cf97e2a40347e6e-0006a01f7042f93a37a9-recording3.network'

    Error: ENOENT: no such file or directory, open 'C:\honeybee\test-results\.playwright-artifacts-21\7bcf72239e54fb03aef2ebe6af22c904.zip'

    Test timeout of 30000ms exceeded.

    attachment #1: screenshot (image/png) ──────────────────────────────────────────────────────────
    ..\..\test-results\regression-responsive-desi-47ea7-ces-page-on-Mobile-375x667--chromium\test-failed-1.png
    ────────────────────────────────────────────────────────────────────────────────────────────────

    Error Context: ..\..\test-results\regression-responsive-desi-47ea7-ces-page-on-Mobile-375x667--chromium\error-context.md
]]>
</failure>
<system-err>
<![CDATA[
Warning: attachment regression-responsive-desi-47ea7-ces-page-on-Mobile-375x667--chromium\test-failed-1.png is missing
Warning: attachment regression-responsive-desi-47ea7-ces-page-on-Mobile-375x667--chromium\error-context.md is missing]]>
</system-err>
</testcase>
<testcase name="Responsive Behavior Across Viewports › should display services page on Tablet (768x1024)" classname="regression\responsive-design.spec.ts" time="7.37">
<failure message="responsive-design.spec.ts:212:9 should display services page on Tablet (768x1024)" type="FAILURE">
[...]
<failure message="responsive-design.spec.ts:212:9 should display services page on Mobile (375x667)" type="FAILURE">
<![CDATA[  [Tablet] › regression\responsive-design.spec.ts:212:9 › Responsive Behavior Across Viewports › should display services page on Mobile (375x667) 

    Error: expect(locator).toBeVisible() failed

    Locator: getByRole('heading').filter({ hasText: /services/i }).first()
    Expected: visible
    Timeout: 5000ms
    Error: element(s) not found

    Call log:
      - Expect "toBeVisible" with timeout 5000ms
      - waiting for getByRole('heading').filter({ hasText: /services/i }).first()


      217 |       // More flexible heading selector
      218 |       const heading = page.getByRole('heading').filter({ hasText: /services/i }).first();
    > 219 |       await expect(heading).toBeVisible();
          |                             ^
      220 |
      221 |       // No horizontal scroll
      222 |       const bodyWidth = await page.evaluate(() => document.body.scrollWidth);
        at C:\honeybee\e2e\tests\regression\responsive-design.spec.ts:219:29

    attachment #1: screenshot (image/png) ──────────────────────────────────────────────────────────
    ..\..\test-results\regression-responsive-desi-47ea7-ces-page-on-Mobile-375x667--Tablet\test-failed-1.png
    ────────────────────────────────────────────────────────────────────────────────────────────────

    attachment #2: video (video/webm) ──────────────────────────────────────────────────────────────
    ..\..\test-results\regression-responsive-desi-47ea7-ces-page-on-Mobile-375x667--Tablet\video.webm
    ────────────────────────────────────────────────────────────────────────────────────────────────

    Error Context: ..\..\test-results\regression-responsive-desi-47ea7-ces-page-on-Mobile-375x667--Tablet\error-context.md

    attachment #4: trace (application/zip) ─────────────────────────────────────────────────────────
    ..\..\test-results\regression-responsive-desi-47ea7-ces-page-on-Mobile-375x667--Tablet\trace.zip
    Usage:

        npx playwright show-trace ..\..\test-results\regression-responsive-desi-47ea7-ces-page-on-Mobile-375x667--Tablet\trace.zip

    ────────────────────────────────────────────────────────────────────────────────────────────────
]]>
</failure>
<system-out>
<![CDATA[
[[ATTACHMENT|regression-responsive-desi-47ea7-ces-page-on-Mobile-375x667--Tablet\test-failed-1.png]]

[[ATTACHMENT|regression-responsive-desi-47ea7-ces-page-on-Mobile-375x667--Tablet\video.webm]]

[[ATTACHMENT|regression-responsive-desi-47ea7-ces-page-on-Mobile-375x667--Tablet\error-context.md]]

[[ATTACHMENT|regression-responsive-desi-47ea7-ces-page-on-Mobile-375x667--Tablet\trace.zip]]
]]>
</system-out>
</testcase>
<testcase name="Responsive Behavior Across Viewports › should display services page on Tablet (768x1024)" classname="regression\responsive-design.spec.ts" time="8.136">
<failure message="responsive-design.spec.ts:212:9 should display services page on Tablet (768x1024)" type="FAILURE">
<![CDATA[  [Tablet] › regression\responsive-design.spec.ts:212:9 › Responsive Behavior Across Viewports › should display services page on Tablet (768x1024) 

    Error: expect(locator).toBeVisible() failed

    Locator: getByRole('heading').filter({ hasText: /services/i }).first()
    Expected: visible
    Timeout: 5000ms
    Error: element(s) not found

    Call log:
      - Expect "toBeVisible" with timeout 5000ms
      - waiting for getByRole('heading').filter({ hasText: /services/i }).first()


      217 |       // More flexible heading selector
      218 |       const heading = page.getByRole('heading').filter({ hasText: /services/i }).first();
    > 219 |       await expect(heading).toBeVisible();
          |                             ^
      220 |
      221 |       // No horizontal scroll
      222 |       const bodyWidth = await page.evaluate(() => document.body.scrollWidth);
        at C:\honeybee\e2e\tests\regression\responsive-design.spec.ts:219:29

    attachment #1: screenshot (image/png) ──────────────────────────────────────────────────────────
    ..\..\test-results\regression-responsive-desi-63cef-es-page-on-Tablet-768x1024--Tablet\test-failed-1.png
    ────────────────────────────────────────────────────────────────────────────────────────────────

    attachment #2: video (video/webm) ──────────────────────────────────────────────────────────────
    ..\..\test-results\regression-responsive-desi-63cef-es-page-on-Tablet-768x1024--Tablet\video.webm
    ────────────────────────────────────────────────────────────────────────────────────────────────

    Error Context: ..\..\test-results\regression-responsive-desi-63cef-es-page-on-Tablet-768x1024--Tablet\error-context.md

    attachment #4: trace (application/zip) ─────────────────────────────────────────────────────────
    ..\..\test-results\regression-responsive-desi-63cef-es-page-on-Tablet-768x1024--Tablet\trace.zip
    Usage:

        npx playwright show-trace ..\..\test-results\regression-responsive-desi-63cef-es-page-on-Tablet-768x1024--Tablet\trace.zip

    ────────────────────────────────────────────────────────────────────────────────────────────────
]]>
</failure>
<system-out>
<![CDATA[
[[ATTACHMENT|regression-responsive-desi-63cef-es-page-on-Tablet-768x1024--Tablet\test-failed-1.png]]

[[ATTACHMENT|regression-responsive-desi-63cef-es-page-on-Tablet-768x1024--Tablet\video.webm]]

[[ATTACHMENT|regression-responsive-desi-63cef-es-page-on-Tablet-768x1024--Tablet\error-context.md]]

[[ATTACHMENT|regression-responsive-desi-63cef-es-page-on-Tablet-768x1024--Tablet\trace.zip]]
]]>
</system-out>
</testcase>
<testcase name="Responsive Behavior Across Viewports › should display services page on Desktop (1280x720)" classname="regression\responsive-design.spec.ts" time="9.285">
<failure message="responsive-design.spec.ts:212:9 should display services page on Desktop (1280x720)" type="FAILURE">
<![CDATA[  [Tablet] › regression\responsive-design.spec.ts:212:9 › Responsive Behavior Across Viewports › should display services page on Desktop (1280x720) 

    Error: expect(locator).toBeVisible() failed

    Locator: getByRole('heading').filter({ hasText: /services/i }).first()
    Expected: visible
    Timeout: 5000ms
    Error: element(s) not found

    Call log:
      - Expect "toBeVisible" with timeout 5000ms
      - waiting for getByRole('heading').filter({ hasText: /services/i }).first()


      217 |       // More flexible heading selector
      218 |       const heading = page.getByRole('heading').filter({ hasText: /services/i }).first();
    > 219 |       await expect(heading).toBeVisible();
          |                             ^
      220 |
      221 |       // No horizontal scroll
      222 |       const bodyWidth = await page.evaluate(() => document.body.scrollWidth);
        at C:\honeybee\e2e\tests\regression\responsive-design.spec.ts:219:29

    attachment #1: screenshot (image/png) ──────────────────────────────────────────────────────────
    ..\..\test-results\regression-responsive-desi-2d790-s-page-on-Desktop-1280x720--Tablet\test-failed-1.png
    ────────────────────────────────────────────────────────────────────────────────────────────────

    attachment #2: video (video/webm) ──────────────────────────────────────────────────────────────
    ..\..\test-results\regression-responsive-desi-2d790-s-page-on-Desktop-1280x720--Tablet\video.webm
    ────────────────────────────────────────────────────────────────────────────────────────────────

    Error Context: ..\..\test-results\regression-responsive-desi-2d790-s-page-on-Desktop-1280x720--Tablet\error-context.md

    attachment #4: trace (application/zip) ─────────────────────────────────────────────────────────
    ..\..\test-results\regression-responsive-desi-2d790-s-page-on-Desktop-1280x720--Tablet\trace.zip
    Usage:

        npx playwright show-trace ..\..\test-results\regression-responsive-desi-2d790-s-page-on-Desktop-1280x720--Tablet\trace.zip

    ────────────────────────────────────────────────────────────────────────────────────────────────
]]>
</failure>
<system-out>
<![CDATA[
[[ATTACHMENT|regression-responsive-desi-2d790-s-page-on-Desktop-1280x720--Tablet\test-failed-1.png]]

[[ATTACHMENT|regression-responsive-desi-2d790-s-page-on-Desktop-1280x720--Tablet\video.webm]]

[[ATTACHMENT|regression-responsive-desi-2d790-s-page-on-Desktop-1280x720--Tablet\error-context.md]]

[[ATTACHMENT|regression-responsive-desi-2d790-s-page-on-Desktop-1280x720--Tablet\trace.zip]]
]]>
</system-out>
</testcase>
<testcase name="Responsive Behavior Across Viewports › should display history page on Mobile (375x667)" classname="regression\responsive-design.spec.ts" time="9.331">
<failure message="responsive-design.spec.ts:228:9 should display history page on Mobile (375x667)" type="FAILURE">
<![CDATA[  [Tablet] › regression\responsive-design.spec.ts:228:9 › Responsive Behavior Across Viewports › should display history page on Mobile (375x667) 

    Error: expect(received).toBeLessThanOrEqual(expected)

    Expected: <= 395
    Received:    409

      240 |       const bodyWidth = await page.evaluate(() => document.body.scrollWidth);
      241 |       // More permissive allowance for WebKit rendering
    > 242 |       expect(bodyWidth).toBeLessThanOrEqual(viewport.width + 20);
          |                         ^
      243 |     });
      244 |   }
      245 | });
        at C:\honeybee\e2e\tests\regression\responsive-design.spec.ts:242:25

    attachment #1: screenshot (image/png) ──────────────────────────────────────────────────────────
    ..\..\test-results\regression-responsive-desi-ce9f9-ory-page-on-Mobile-375x667--Tablet\test-failed-1.png
    ────────────────────────────────────────────────────────────────────────────────────────────────

    attachment #2: video (video/webm) ──────────────────────────────────────────────────────────────
    ..\..\test-results\regression-responsive-desi-ce9f9-ory-page-on-Mobile-375x667--Tablet\video.webm
    ────────────────────────────────────────────────────────────────────────────────────────────────

    Error Context: ..\..\test-results\regression-responsive-desi-ce9f9-ory-page-on-Mobile-375x667--Tablet\error-context.md

    attachment #4: trace (application/zip) ─────────────────────────────────────────────────────────
    ..\..\test-results\regression-responsive-desi-ce9f9-ory-page-on-Mobile-375x667--Tablet\trace.zip
    Usage:

        npx playwright show-trace ..\..\test-results\regression-responsive-desi-ce9f9-ory-page-on-Mobile-375x667--Tablet\trace.zip

    ────────────────────────────────────────────────────────────────────────────────────────────────
]]>
</failure>
<system-out>
<![CDATA[
[[ATTACHMENT|regression-responsive-desi-ce9f9-ory-page-on-Mobile-375x667--Tablet\test-failed-1.png]]

[[ATTACHMENT|regression-responsive-desi-ce9f9-ory-page-on-Mobile-375x667--Tablet\video.webm]]

[[ATTACHMENT|regression-responsive-desi-ce9f9-ory-page-on-Mobile-375x667--Tablet\error-context.md]]

[[ATTACHMENT|regression-responsive-desi-ce9f9-ory-page-on-Mobile-375x667--Tablet\trace.zip]]
]]>
</system-out>
</testcase>
<testcase name="Responsive Behavior Across Viewports › should display history page on Tablet (768x1024)" classname="regression\responsive-design.spec.ts" time="9.291">
<failure message="responsive-design.spec.ts:228:9 should display history page on Tablet (768x1024)" type="FAILURE">
<![CDATA[  [Tablet] › regression\responsive-design.spec.ts:228:9 › Responsive Behavior Across Viewports › should display history page on Tablet (768x1024) 

    Error: expect(received).toBeLessThanOrEqual(expected)

    Expected: <= 788
    Received:    794

      240 |       const bodyWidth = await page.evaluate(() => document.body.scrollWidth);
      241 |       // More permissive allowance for WebKit rendering
    > 242 |       expect(bodyWidth).toBeLessThanOrEqual(viewport.width + 20);
          |                         ^
      243 |     });
      244 |   }
      245 | });
        at C:\honeybee\e2e\tests\regression\responsive-design.spec.ts:242:25

    attachment #1: screenshot (image/png) ──────────────────────────────────────────────────────────
    ..\..\test-results\regression-responsive-desi-6288e-ry-page-on-Tablet-768x1024--Tablet\test-failed-1.png
    ────────────────────────────────────────────────────────────────────────────────────────────────

    attachment #2: video (video/webm) ──────────────────────────────────────────────────────────────
    ..\..\test-results\regression-responsive-desi-6288e-ry-page-on-Tablet-768x1024--Tablet\video.webm
    ────────────────────────────────────────────────────────────────────────────────────────────────

    Error Context: ..\..\test-results\regression-responsive-desi-6288e-ry-page-on-Tablet-768x1024--Tablet\error-context.md

    attachment #4: trace (application/zip) ─────────────────────────────────────────────────────────
    ..\..\test-results\regression-responsive-desi-6288e-ry-page-on-Tablet-768x1024--Tablet\trace.zip
    Usage:

        npx playwright show-trace ..\..\test-results\regression-responsive-desi-6288e-ry-page-on-Tablet-768x1024--Tablet\trace.zip

    ────────────────────────────────────────────────────────────────────────────────────────────────
]]>
</failure>
<system-out>
<![CDATA[
[[ATTACHMENT|regression-responsive-desi-6288e-ry-page-on-Tablet-768x1024--Tablet\test-failed-1.png]]

[[ATTACHMENT|regression-responsive-desi-6288e-ry-page-on-Tablet-768x1024--Tablet\video.webm]]

[[ATTACHMENT|regression-responsive-desi-6288e-ry-page-on-Tablet-768x1024--Tablet\error-context.md]]

[[ATTACHMENT|regression-responsive-desi-6288e-ry-page-on-Tablet-768x1024--Tablet\trace.zip]]
]]>
</system-out>
</testcase>
<testcase name="Responsive Behavior Across Viewports › should display history page on Desktop (1280x720)" classname="regression\responsive-design.spec.ts" time="4.92">
</testcase>
<testcase name="Landscape Orientation › should display in landscape on mobile" classname="regression\responsive-design.spec.ts" time="0.834">
</testcase>
<testcase name="Landscape Orientation › should display in landscape on tablet" classname="regression\responsive-design.spec.ts" time="1.434">
</testcase>
</testsuite>
<testsuite name="smoke\faq.spec.ts" timestamp="2026-01-09T18:05:05.506Z" hostname="Tablet" tests="13" failures="0" skipped="0" time="139.51" errors="0">
<testcase name="FAQ Assistant › should display FAQ section" classname="smoke\faq.spec.ts" time="8.556">
</testcase>
<testcase name="FAQ Assistant › should display search input" classname="smoke\faq.spec.ts" time="4.496">
</testcase>
<testcase name="FAQ Assistant › should display suggested questions" classname="smoke\faq.spec.ts" time="8.781">
</testcase>
<testcase name="FAQ Assistant › should display category filters" classname="smoke\faq.spec.ts" time="9.558">
</testcase>
<testcase name="FAQ Assistant › should display FAQ accordion items" classname="smoke\faq.spec.ts" time="9.656">
</testcase>
<testcase name="FAQ Assistant › should expand FAQ item when clicked" classname="smoke\faq.spec.ts" time="10.288">
</testcase>
<testcase name="FAQ Assistant › should display chat interface" classname="smoke\faq.spec.ts" time="14.803">
</testcase>
<testcase name="FAQ Assistant › should send question via chat interface" classname="smoke\faq.spec.ts" time="7.36">
</testcase>
<testcase name="FAQ Assistant › should send question via suggested question button" classname="smoke\faq.spec.ts" time="8.956">
</testcase>
<testcase name="FAQ Assistant › should filter FAQs by category" classname="smoke\faq.spec.ts" time="10.195">
</testcase>
<testcase name="FAQ Assistant › should search FAQs" classname="smoke\faq.spec.ts" time="14.923">
</testcase>
<testcase name="FAQ Assistant › should clear search" classname="smoke\faq.spec.ts" time="17.661">
</testcase>
<testcase name="FAQ Assistant › should display typing indicator" classname="smoke\faq.spec.ts" time="14.277">
</testcase>
</testsuite>
<testsuite name="smoke\homepage.spec.ts" timestamp="2026-01-09T18:05:05.506Z" hostname="Tablet" tests="10" failures="1" skipped="0" time="83.938" errors="0">
<testcase name="Homepage - Smoke Tests › should load homepage successfully" classname="smoke\homepage.spec.ts" time="5.858">
</testcase>
<testcase name="Homepage - Smoke Tests › should render hero section" classname="smoke\homepage.spec.ts" time="6.851">
</testcase>
<testcase name="Homepage - Smoke Tests › should have no console errors" classname="smoke\homepage.spec.ts" time="15.209">
<failure message="homepage.spec.ts:35:7 should have no console errors" type="FAILURE">
<![CDATA[  [Tablet] › smoke\homepage.spec.ts:35:7 › Homepage - Smoke Tests › should have no console errors ──

    Error: expect(received).toBe(expected) // Object.is equality

    Expected: 0
    Received: 963

      43 |     // Check for console errors
      44 |     const errors = consoleMonitor.getErrors();
    > 45 |     expect(errors.length).toBe(0);
         |                           ^
      46 |   });
      47 |
      48 |   test('should have no failed network requests', async ({ page }) => {
        at C:\honeybee\e2e\tests\smoke\homepage.spec.ts:45:27

    attachment #1: screenshot (image/png) ──────────────────────────────────────────────────────────
    ..\..\test-results\smoke-homepage-Homepage----52a26-ould-have-no-console-errors-Tablet\test-failed-1.png
    ────────────────────────────────────────────────────────────────────────────────────────────────

    attachment #2: video (video/webm) ──────────────────────────────────────────────────────────────
    ..\..\test-results\smoke-homepage-Homepage----52a26-ould-have-no-console-errors-Tablet\video.webm
    ────────────────────────────────────────────────────────────────────────────────────────────────

    Error Context: ..\..\test-results\smoke-homepage-Homepage----52a26-ould-have-no-console-errors-Tablet\error-context.md

    attachment #4: trace (application/zip) ─────────────────────────────────────────────────────────
    ..\..\test-results\smoke-homepage-Homepage----52a26-ould-have-no-console-errors-Tablet\trace.zip
    Usage:

        npx playwright show-trace ..\..\test-results\smoke-homepage-Homepage----52a26-ould-have-no-console-errors-Tablet\trace.zip

    ────────────────────────────────────────────────────────────────────────────────────────────────
]]>
</failure>
<system-out>
<![CDATA[
[[ATTACHMENT|smoke-homepage-Homepage----52a26-ould-have-no-console-errors-Tablet\test-failed-1.png]]

[[ATTACHMENT|smoke-homepage-Homepage----52a26-ould-have-no-console-errors-Tablet\video.webm]]

[[ATTACHMENT|smoke-homepage-Homepage----52a26-ould-have-no-console-errors-Tablet\error-context.md]]

[[ATTACHMENT|smoke-homepage-Homepage----52a26-ould-have-no-console-errors-Tablet\trace.zip]]
]]>
</system-out>
</testcase>
<testcase name="Homepage - Smoke Tests › should have no failed network requests" classname="smoke\homepage.spec.ts" time="13.512">
</testcase>
<testcase name="Homepage - Smoke Tests › should display contact section" classname="smoke\homepage.spec.ts" time="9.263">
</testcase>
<testcase name="Homepage - Smoke Tests › should have working navigation links" classname="smoke\homepage.spec.ts" time="7.914">
</testcase>
<testcase name="Homepage - Smoke Tests › should load all images without errors" classname="smoke\homepage.spec.ts" time="10.349">
</testcase>
<testcase name="Homepage - Smoke Tests › should have proper viewport dimensions" classname="smoke\homepage.spec.ts" time="4.708">
</testcase>
<testcase name="Homepage - Smoke Tests › should respond with 200 status code" classname="smoke\homepage.spec.ts" time="0.576">
</testcase>
<testcase name="Homepage - Smoke Tests › should load within reasonable time" classname="smoke\homepage.spec.ts" time="9.698">
</testcase>
</testsuite>
</testsuites>