<testsuites id="" name="" tests="78" failures="0" skipped="0" errors="0" time="80.680496">
<testsuite name="smoke\faq.spec.ts" timestamp="2026-01-10T15:51:27.134Z" hostname="chromium" tests="13" failures="0" skipped="0" time="123.047" errors="0">
<testcase name="FAQ Assistant › should display FAQ section" classname="smoke\faq.spec.ts" time="11.743">
</testcase>
<testcase name="FAQ Assistant › should display search input" classname="smoke\faq.spec.ts" time="12.137">
</testcase>
<testcase name="FAQ Assistant › should display suggested questions" classname="smoke\faq.spec.ts" time="12.736">
</testcase>
<testcase name="FAQ Assistant › should display category filters" classname="smoke\faq.spec.ts" time="12.314">
</testcase>
<testcase name="FAQ Assistant › should display FAQ accordion items" classname="smoke\faq.spec.ts" time="12.106">
</testcase>
<testcase name="FAQ Assistant › should expand FAQ item when clicked" classname="smoke\faq.spec.ts" time="12.482">
</testcase>
<testcase name="FAQ Assistant › should display chat interface" classname="smoke\faq.spec.ts" time="13.153">
</testcase>
<testcase name="FAQ Assistant › should send question via chat interface" classname="smoke\faq.spec.ts" time="13.176">
</testcase>
<testcase name="FAQ Assistant › should send question via suggested question button" classname="smoke\faq.spec.ts" time="4.41">
</testcase>
<testcase name="FAQ Assistant › should filter FAQs by category" classname="smoke\faq.spec.ts" time="4.454">
</testcase>
<testcase name="FAQ Assistant › should search FAQs" classname="smoke\faq.spec.ts" time="4.881">
</testcase>
<testcase name="FAQ Assistant › should clear search" classname="smoke\faq.spec.ts" time="3.932">
</testcase>
<testcase name="FAQ Assistant › should display typing indicator" classname="smoke\faq.spec.ts" time="5.523">
</testcase>
</testsuite>
<testsuite name="smoke\faq.spec.ts" timestamp="2026-01-10T15:51:27.134Z" hostname="firefox" tests="13" failures="0" skipped="0" time="104.345" errors="0">
<testcase name="FAQ Assistant › should display FAQ section" classname="smoke\faq.spec.ts" time="3.27">
</testcase>
<testcase name="FAQ Assistant › should display search input" classname="smoke\faq.spec.ts" time="5.332">
</testcase>
<testcase name="FAQ Assistant › should display suggested questions" classname="smoke\faq.spec.ts" time="9.426">
</testcase>
<testcase name="FAQ Assistant › should display category filters" classname="smoke\faq.spec.ts" time="6.217">
</testcase>
<testcase name="FAQ Assistant › should display FAQ accordion items" classname="smoke\faq.spec.ts" time="9.935">
</testcase>
<testcase name="FAQ Assistant › should expand FAQ item when clicked" classname="smoke\faq.spec.ts" time="8.531">
</testcase>
<testcase name="FAQ Assistant › should display chat interface" classname="smoke\faq.spec.ts" time="10.293">
</testcase>
<testcase name="FAQ Assistant › should send question via chat interface" classname="smoke\faq.spec.ts" time="10.693">
</testcase>
<testcase name="FAQ Assistant › should send question via suggested question button" classname="smoke\faq.spec.ts" time="7.898">
</testcase>
<testcase name="FAQ Assistant › should filter FAQs by category" classname="smoke\faq.spec.ts" time="7.357">
</testcase>
<testcase name="FAQ Assistant › should search FAQs" classname="smoke\faq.spec.ts" time="8.791">
</testcase>
<testcase name="FAQ Assistant › should clear search" classname="smoke\faq.spec.ts" time="9.003">
</testcase>
<testcase name="FAQ Assistant › should display typing indicator" classname="smoke\faq.spec.ts" time="7.599">
</testcase>
</testsuite>
<testsuite name="smoke\faq.spec.ts" timestamp="2026-01-10T15:51:27.134Z" hostname="webkit" tests="13" failures="0" skipped="0" time="82.776" errors="0">
<testcase name="FAQ Assistant › should display FAQ section" classname="smoke\faq.spec.ts" time="5.555">
</testcase>
<testcase name="FAQ Assistant › should display search input" classname="smoke\faq.spec.ts" time="5.396">
</testcase>
<testcase name="FAQ Assistant › should display suggested questions" classname="smoke\faq.spec.ts" time="5.767">
</testcase>
<testcase name="FAQ Assistant › should display category filters" classname="smoke\faq.spec.ts" time="5.104">
</testcase>
<testcase name="FAQ Assistant › should display FAQ accordion items" classname="smoke\faq.spec.ts" time="5.738">
</testcase>
<testcase name="FAQ Assistant › should expand FAQ item when clicked" classname="smoke\faq.spec.ts" time="7.557">
</testcase>
<testcase name="FAQ Assistant › should display chat interface" classname="smoke\faq.spec.ts" time="5.269">
</testcase>
<testcase name="FAQ Assistant › should send question via chat interface" classname="smoke\faq.spec.ts" time="6.496">
</testcase>
<testcase name="FAQ Assistant › should send question via suggested question button" classname="smoke\faq.spec.ts" time="8.211">
</testcase>
<testcase name="FAQ Assistant › should filter FAQs by category" classname="smoke\faq.spec.ts" time="7.32">
</testcase>
<testcase name="FAQ Assistant › should search FAQs" classname="smoke\faq.spec.ts" time="6.133">
</testcase>
<testcase name="FAQ Assistant › should clear search" classname="smoke\faq.spec.ts" time="7.05">
</testcase>
<testcase name="FAQ Assistant › should display typing indicator" classname="smoke\faq.spec.ts" time="7.18">
</testcase>
</testsuite>
<testsuite name="smoke\faq.spec.ts" timestamp="2026-01-10T15:51:27.134Z" hostname="Mobile Chrome" tests="13" failures="0" skipped="0" time="48.941" errors="0">
<testcase name="FAQ Assistant › should display FAQ section" classname="smoke\faq.spec.ts" time="1.925">
</testcase>
<testcase name="FAQ Assistant › should display search input" classname="smoke\faq.spec.ts" time="1.921">
</testcase>
<testcase name="FAQ Assistant › should display suggested questions" classname="smoke\faq.spec.ts" time="2.055">
</testcase>
<testcase name="FAQ Assistant › should display category filters" classname="smoke\faq.spec.ts" time="1.707">
</testcase>
<testcase name="FAQ Assistant › should display FAQ accordion items" classname="smoke\faq.spec.ts" time="3.187">
</testcase>
<testcase name="FAQ Assistant › should expand FAQ item when clicked" classname="smoke\faq.spec.ts" time="3.604">
</testcase>
<testcase name="FAQ Assistant › should display chat interface" classname="smoke\faq.spec.ts" time="3.997">
</testcase>
<testcase name="FAQ Assistant › should send question via chat interface" classname="smoke\faq.spec.ts" time="4.149">
</testcase>
<testcase name="FAQ Assistant › should send question via suggested question button" classname="smoke\faq.spec.ts" time="7.524">
</testcase>
<testcase name="FAQ Assistant › should filter FAQs by category" classname="smoke\faq.spec.ts" time="5.106">
</testcase>
<testcase name="FAQ Assistant › should search FAQs" classname="smoke\faq.spec.ts" time="3.327">
</testcase>
<testcase name="FAQ Assistant › should clear search" classname="smoke\faq.spec.ts" time="4.71">
</testcase>
<testcase name="FAQ Assistant › should display typing indicator" classname="smoke\faq.spec.ts" time="5.729">
</testcase>
</testsuite>
<testsuite name="smoke\faq.spec.ts" timestamp="2026-01-10T15:51:27.134Z" hostname="Mobile Safari" tests="13" failures="0" skipped="0" time="72.508" errors="0">
<testcase name="FAQ Assistant › should display FAQ section" classname="smoke\faq.spec.ts" time="5.125">
</testcase>
<testcase name="FAQ Assistant › should display search input" classname="smoke\faq.spec.ts" time="4.25">
</testcase>
<testcase name="FAQ Assistant › should display suggested questions" classname="smoke\faq.spec.ts" time="4.676">
</testcase>
<testcase name="FAQ Assistant › should display category filters" classname="smoke\faq.spec.ts" time="4.729">
</testcase>
<testcase name="FAQ Assistant › should display FAQ accordion items" classname="smoke\faq.spec.ts" time="4.678">
</testcase>
<testcase name="FAQ Assistant › should expand FAQ item when clicked" classname="smoke\faq.spec.ts" time="6.45">
</testcase>
<testcase name="FAQ Assistant › should display chat interface" classname="smoke\faq.spec.ts" time="5.115">
</testcase>
<testcase name="FAQ Assistant › should send question via chat interface" classname="smoke\faq.spec.ts" time="6.467">
</testcase>
<testcase name="FAQ Assistant › should send question via suggested question button" classname="smoke\faq.spec.ts" time="7.009">
</testcase>
<testcase name="FAQ Assistant › should filter FAQs by category" classname="smoke\faq.spec.ts" time="6.297">
</testcase>
<testcase name="FAQ Assistant › should search FAQs" classname="smoke\faq.spec.ts" time="5.231">
</testcase>
<testcase name="FAQ Assistant › should clear search" classname="smoke\faq.spec.ts" time="5.739">
</testcase>
<testcase name="FAQ Assistant › should display typing indicator" classname="smoke\faq.spec.ts" time="6.742">
</testcase>
</testsuite>
<testsuite name="smoke\faq.spec.ts" timestamp="2026-01-10T15:51:27.134Z" hostname="Tablet" tests="13" failures="0" skipped="0" time="53.215" errors="0">
<testcase name="FAQ Assistant › should display FAQ section" classname="smoke\faq.spec.ts" time="1.653">
</testcase>
<testcase name="FAQ Assistant › should display search input" classname="smoke\faq.spec.ts" time="1.762">
</testcase>
<testcase name="FAQ Assistant › should display suggested questions" classname="smoke\faq.spec.ts" time="1.957">
</testcase>
<testcase name="FAQ Assistant › should display category filters" classname="smoke\faq.spec.ts" time="4.43">
</testcase>
<testcase name="FAQ Assistant › should display FAQ accordion items" classname="smoke\faq.spec.ts" time="4.95">
</testcase>
<testcase name="FAQ Assistant › should expand FAQ item when clicked" classname="smoke\faq.spec.ts" time="4.492">
</testcase>
<testcase name="FAQ Assistant › should display chat interface" classname="smoke\faq.spec.ts" time="3.295">
</testcase>
<testcase name="FAQ Assistant › should send question via chat interface" classname="smoke\faq.spec.ts" time="5.177">
</testcase>
<testcase name="FAQ Assistant › should send question via suggested question button" classname="smoke\faq.spec.ts" time="5.986">
</testcase>
<testcase name="FAQ Assistant › should filter FAQs by category" classname="smoke\faq.spec.ts" time="5.787">
</testcase>
<testcase name="FAQ Assistant › should search FAQs" classname="smoke\faq.spec.ts" time="2.237">
</testcase>
<testcase name="FAQ Assistant › should clear search" classname="smoke\faq.spec.ts" time="6.858">
</testcase>
<testcase name="FAQ Assistant › should display typing indicator" classname="smoke\faq.spec.ts" time="4.631">
</testcase>
</testsuite>
</testsuites>